Log file open, 09/06/17 17:51:48
LogInit:Display: Running engine for game: RoguelikeProj
LogPlatformFile: Not using cached read wrapper
LogInit:Display: RandInit(1498367817) SRandInit(1498367818).
LogTaskGraph: Started task graph with 5 named threads and 6 total threads with 1 sets of task threads.
LogStats: Stats thread started at 2.515152
LogInit: Using libcurl 7.47.1
LogInit:  - built for x86_64-pc-win32
LogInit:  - supports SSL with OpenSSL/1.0.2g
LogInit:  - supports HTTP deflate (compression) using libz 1.2.8
LogInit:  - other features:
LogInit:      CURL_VERSION_SSL
LogInit:      CURL_VERSION_LIBZ
LogInit:      CURL_VERSION_IPV6
LogInit:      CURL_VERSION_ASYNCHDNS
LogInit:      CURL_VERSION_LARGEFILE
LogInit:      CURL_VERSION_IDN
LogInit:  CurlRequestOptions (configurable via config and command line):
LogInit:  - bVerifyPeer = false  - Libcurl will NOT verify peer certificate
LogInit:  - bUseHttpProxy = false  - Libcurl will NOT use HTTP proxy
LogInit:  - bDontReuseConnections = false  - Libcurl will reuse connections
LogInit:  - CertBundlePath = nullptr  - Libcurl will use whatever was configured at build time.
LogInit: Build: ++UE4+Release-4.15-CL-3450819
LogInit: Engine Version: 4.15.3-3450819+++UE4+Release-4.15
LogInit: Compatible Engine Version: 4.15.0-3299760+++UE4+Release-4.15
LogInit: Net CL: 3299760
LogDevObjectVersion: Number of dev versions registered: 14
LogDevObjectVersion:   Dev-Blueprints (B0D832E4-1F89-4F0D-ACCF-7EB736FD4AA2): 8
LogDevObjectVersion:   Dev-Build (E1C64328-A22C-4D53-A36C-8E866417BD8C): 0
LogDevObjectVersion:   Dev-Core (375EC13C-06E4-48FB-B500-84F0262A717E): 2
LogDevObjectVersion:   Dev-Editor (E4B068ED-F494-42E9-A231-DA0B2E46BB41): 14
LogDevObjectVersion:   Dev-Framework (CFFC743F-43B0-4480-9391-14DF171D2073): 22
LogDevObjectVersion:   Dev-Mobile (B02B49B5-BB20-44E9-A304-32B752E40360): 0
LogDevObjectVersion:   Dev-Networking (A4E4105C-59A1-49B5-A7C5-40C4547EDFEE): 0
LogDevObjectVersion:   Dev-Online (39C831C9-5AE6-47DC-9A44-9C173E1C8E7C): 0
LogDevObjectVersion:   Dev-Physics (78F01B33-EBEA-4F98-B9B4-84EACCB95AA2): 0
LogDevObjectVersion:   Dev-Platform (6631380F-2D4D-43E0-8009-CF276956A95A): 0
LogDevObjectVersion:   Dev-Rendering (12F88B9F-8875-4AFC-A67C-D90C383ABD29): 12
LogDevObjectVersion:   Dev-Sequencer (7B5AE74C-D270-4C10-A958-57980B212A5A): 3
LogDevObjectVersion:   Dev-VR (D7296918-1DD6-4BDD-9DE2-64A83CC13884): 0
LogDevObjectVersion:   Dev-LoadTimes (C2A15278-BFE7-4AFE-6C17-90FF531DF755): 1
LogInit: Compiled (64-bit): May 21 2017 11:02:34
LogInit: Compiled with Visual C++: 19.00.23026.00
LogInit: Build Configuration: Development
LogInit: Branch Name: ++UE4+Release-4.15
LogInit: Command line:  
LogInit: Base directory: C:/Program Files/Epic Games/UE_4.15/Engine/Binaries/Win64/
LogInit: Installed Engine Build: 1
LogInit: Presizing for max 8388607 objects, including 0 objects not considered by GC, pre-allocating 0 bytes for permanent pool.
LogInit: Object subsystem initialized
[2017.09.06-15.51.50:843][  0]LogInit: Selected Device Profile: [Windows]
[2017.09.06-15.51.50:843][  0]LogInit: Applying CVar settings loaded from the selected device profile: [Windows]
[2017.09.06-15.51.50:971][  0]LogInit: Computer: ALEIXDESKTOP
[2017.09.06-15.51.50:971][  0]LogInit: User: Aleix
[2017.09.06-15.51.50:971][  0]LogInit: CPU Page size=65536, Cores=2
[2017.09.06-15.51.50:971][  0]LogInit: High frequency timer resolution =3.704204 MHz
[2017.09.06-15.51.50:971][  0]LogMemory: Memory total: Physical=7.9GB (8GB approx)
[2017.09.06-15.51.50:977][  0]LogMemory: Platform Memory Stats for Windows
[2017.09.06-15.51.50:977][  0]LogMemory: Process Physical Memory: 262.86 MB used, 262.86 MB peak
[2017.09.06-15.51.50:977][  0]LogMemory: Process Virtual Memory: 262.03 MB used, 262.03 MB peak
[2017.09.06-15.51.50:977][  0]LogMemory: Physical Memory: 4947.61 MB used,  3184.31 MB free, 8131.92 MB total
[2017.09.06-15.51.50:977][  0]LogMemory: Virtual Memory: 643.35 MB used,  3184.31 MB free, 134217728.00 MB total
[2017.09.06-15.51.51:896][  0]LogInit: Overriding culture en with editor configuration.
[2017.09.06-15.51.59:948][  0]LogD3D11RHI: D3D11 adapters:
[2017.09.06-15.52.00:831][  0]LogD3D11RHI:    0. 'NVIDIA GeForce GTX 960' (Feature Level 11_0)
[2017.09.06-15.52.00:831][  0]LogD3D11RHI:       4062/0/4065 MB DedicatedVideo/DedicatedSystem/SharedSystem, Outputs:2, VendorId:0x10de
[2017.09.06-15.52.00:833][  0]LogD3D11RHI:    1. 'Microsoft Basic Render Driver' (Feature Level 11_0)
[2017.09.06-15.52.00:833][  0]LogD3D11RHI:       0/0/4065 MB DedicatedVideo/DedicatedSystem/SharedSystem, Outputs:0, VendorId:0x1414
[2017.09.06-15.52.00:833][  0]LogD3D11RHI: Chosen D3D11 Adapter: 0
[2017.09.06-15.52.00:852][  0]LogD3D11RHI: Creating new Direct3DDevice
[2017.09.06-15.52.00:852][  0]LogD3D11RHI:     GPU DeviceId: 0x1401 (for the marketing name, search the web for "GPU Device Id")
[2017.09.06-15.52.00:852][  0]LogWindows: EnumDisplayDevices:
[2017.09.06-15.52.00:852][  0]LogWindows:    0. 'NVIDIA GeForce GTX 960' (P:1 D:1)
[2017.09.06-15.52.00:852][  0]LogWindows:    1. 'NVIDIA GeForce GTX 960' (P:0 D:1)
[2017.09.06-15.52.00:852][  0]LogWindows:    2. 'NVIDIA GeForce GTX 960' (P:0 D:0)
[2017.09.06-15.52.00:852][  0]LogWindows:    3. 'NVIDIA GeForce GTX 960' (P:0 D:0)
[2017.09.06-15.52.00:853][  0]LogWindows: DebugString: FoundDriverCount:4 
[2017.09.06-15.52.00:853][  0]LogD3D11RHI:     Adapter Name: NVIDIA GeForce GTX 960
[2017.09.06-15.52.00:853][  0]LogD3D11RHI:   Driver Version: 382.05 (internal:22.21.13.8205, unified:382.05)
[2017.09.06-15.52.00:853][  0]LogD3D11RHI:      Driver Date: 5-1-2017
[2017.09.06-15.52.00:853][  0]LogRHI: Texture pool is 1361 MB (70% of 1945 MB)
[2017.09.06-15.52.01:674][  0]LogD3D11RHI: Async texture creation enabled
[2017.09.06-15.52.02:246][  0]LogD3D11RHI: GPU Timing Frequency: 1000.000000 (Debug: 2 3)
[2017.09.06-15.52.02:313][  0]LogShaderCompilers: Guid format shader working directory is -7 characters bigger than the processId version (D:/works/Videojocs/Roguelike/RoguelikeProj/Roguelike/Intermediate/Shaders/WorkingDirectory/12068/).
[2017.09.06-15.52.02:313][  0]LogShaderCompilers: Cleaned the shader compiler working directory 'C:/Users/Aleix/AppData/Local/Temp/UnrealShaderWorkingDir/69743A8143226F99C2710CBF159E4C5E/'.
[2017.09.06-15.52.02:324][  0]LogShaderCompilers:Display: Using Local Shader Compiler.
[2017.09.06-15.52.10:255][  0]LogTemp:Display: Loaded TP AllDesktopTargetPlatform
[2017.09.06-15.52.10:363][  0]LogTemp:Display: Loaded TP MacClientTargetPlatform
[2017.09.06-15.52.10:469][  0]LogTemp:Display: Loaded TP MacNoEditorTargetPlatform
[2017.09.06-15.52.10:579][  0]LogTemp:Display: Loaded TP MacServerTargetPlatform
[2017.09.06-15.52.10:770][  0]LogTemp:Display: Loaded TP MacTargetPlatform
[2017.09.06-15.52.10:929][  0]LogTemp:Display: Loaded TP WindowsClientTargetPlatform
[2017.09.06-15.52.11:079][  0]LogTemp:Display: Loaded TP WindowsNoEditorTargetPlatform
[2017.09.06-15.52.11:192][  0]LogTemp:Display: Loaded TP WindowsServerTargetPlatform
[2017.09.06-15.52.11:278][  0]LogTemp:Display: Loaded TP WindowsTargetPlatform
[2017.09.06-15.52.11:394][  0]LogTemp:Display: Loaded TP AndroidTargetPlatform
[2017.09.06-15.52.11:505][  0]LogTemp:Display: Loaded TP Android_ASTCTargetPlatform
[2017.09.06-15.52.11:607][  0]LogTemp:Display: Loaded TP Android_ATCTargetPlatform
[2017.09.06-15.52.11:707][  0]LogTemp:Display: Loaded TP Android_DXTTargetPlatform
[2017.09.06-15.52.11:830][  0]LogTemp:Display: Loaded TP Android_ETC1TargetPlatform
[2017.09.06-15.52.11:932][  0]LogTemp:Display: Loaded TP Android_ETC2TargetPlatform
[2017.09.06-15.52.12:134][  0]LogTemp:Display: Loaded TP Android_MultiTargetPlatform
[2017.09.06-15.52.12:134][  0]LogTemp:Display: Loaded TP Android_PVRTCTargetPlatform
[2017.09.06-15.52.12:209][  0]LogTemp:Display: Loaded TP HTML5TargetPlatform
[2017.09.06-15.52.12:461][  0]LogTemp:Display: Loaded TP IOSTargetPlatform
[2017.09.06-15.52.12:526][  0]LogTemp:Display: Loaded TP TVOSTargetPlatform
[2017.09.06-15.52.12:623][  0]LogTemp:Display: Loaded TP LinuxClientTargetPlatform
[2017.09.06-15.52.12:719][  0]LogTemp:Display: Loaded TP LinuxNoEditorTargetPlatform
[2017.09.06-15.52.12:816][  0]LogTemp:Display: Loaded TP LinuxServerTargetPlatform
[2017.09.06-15.52.12:987][  0]LogTemp:Display: Loaded TP LinuxTargetPlatform
[2017.09.06-15.52.12:987][  0]LogTargetPlatformManager:Display: Building Assets For Windows
[2017.09.06-15.52.14:467][  0]LogDerivedDataCache:Display: Max Cache Size: 512 MB
[2017.09.06-15.52.15:088][  0]LogDerivedDataCache: Loaded boot cache 0.61s 50MB C:/Users/Aleix/AppData/Local/UnrealEngine/4.15/DerivedDataCache/Boot.ddc.
[2017.09.06-15.52.15:088][  0]LogDerivedDataCache:Display: Loaded Boot cache: C:/Users/Aleix/AppData/Local/UnrealEngine/4.15/DerivedDataCache/Boot.ddc
[2017.09.06-15.52.15:088][  0]LogDerivedDataCache: FDerivedDataBackendGraph:  Pak pak cache file D:/works/Videojocs/Roguelike/RoguelikeProj/Roguelike/DerivedDataCache/DDC.ddp not found, will not use a pak cache.
[2017.09.06-15.52.15:088][  0]LogDerivedDataCache: Unable to find inner node Pak for hierarchical cache Hierarchy.
[2017.09.06-15.52.15:088][  0]LogDerivedDataCache: FDerivedDataBackendGraph:  CompressedPak pak cache file D:/works/Videojocs/Roguelike/RoguelikeProj/Roguelike/DerivedDataCache/Compressed.ddp not found, will not use a pak cache.
[2017.09.06-15.52.15:088][  0]LogDerivedDataCache: Unable to find inner node CompressedPak for hierarchical cache Hierarchy.
[2017.09.06-15.52.15:189][  0]LogDerivedDataCache:Display: Pak cache opened for reading ../../../Engine/DerivedDataCache/Compressed.ddp.
[2017.09.06-15.52.15:237][  0]LogDerivedDataCache: Using Local data cache path C:/Users/Aleix/AppData/Local/UnrealEngine/Common/DerivedDataCache: Writable
[2017.09.06-15.52.15:344][  0]LogSlate: Using Freetype 2.6.0
[2017.09.06-15.52.15:480][  0]LogSlate: SlateFontCache - WITH_FREETYPE: 1, WITH_HARFBUZZ: 1
[2017.09.06-15.52.15:480][  0]LogSlate: SlateFontCache - WITH_FREETYPE: 1, WITH_HARFBUZZ: 1
[2017.09.06-15.52.24:054][  0]LogInit: Selected Device Profile: [Windows]
[2017.09.06-15.52.24:082][  0]LogContentStreaming: Texture pool size is 0.00 MB
[2017.09.06-15.52.24:906][  0]LogMeshUtilities: Using QuadricMeshReduction for automatic static mesh reduction
[2017.09.06-15.52.25:010][  0]LogSimplygon: Simplygon DLL not present - disabling.
[2017.09.06-15.52.25:124][  0]LogMeshUtilities: Using SimplygonSwarm for distributed automatic mesh merging
[2017.09.06-15.52.25:124][  0]LogMeshUtilities: No automatic skeletal mesh reduction module available
[2017.09.06-15.52.25:124][  0]LogMeshUtilities: No automatic mesh merging module available
[2017.09.06-15.52.31:371][  0]LogNetVersion: GetLocalNetworkVersion: CL: 3299760, ProjectName: roguelikeproj, ProjectVersion: , EngineNetworkVersion: 2, GameNetworkVersion: 0, NetworkChecksum: 2218974894
[2017.09.06-15.52.31:512][  0]LogAssetRegistry: FAssetRegistry took 0.0238 seconds to start up
[2017.09.06-15.52.31:643][  0]LogPackageLocalizationCache: Processed 3 localized package path(s) for 1 prioritized culture(s) in 0.039527 seconds
[2017.09.06-15.52.31:659][  0]LogUObjectArray: 32493 objects as part of root set at end of initial load.
[2017.09.06-15.52.31:659][  0]LogUObjectAllocator: 7077024 out of 0 bytes used by permanent object pool.
[2017.09.06-15.52.31:659][  0]LogUObjectArray: CloseDisregardForGC: 0/0 objects in disregard for GC pool
[2017.09.06-15.52.31:813][  0]LogInit: WinSock: version 1.1 (2.2), MaxSocks=32767, MaxUdp=65467
[2017.09.06-15.52.57:010][  0]LogTcpMessaging: Initializing TcpMessaging bridge
[2017.09.06-15.52.57:079][  0]LogUdpMessaging: Initializing bridge on interface 0.0.0.0:0 to multicast group 230.0.0.1:6666.
[2017.09.06-15.52.58:889][  0]LogMaterial: Uniform references updated for custom material expression Custom.
[2017.09.06-15.53.00:151][  0]SourceControl: Info Source control is disabled
[2017.09.06-15.53.00:610][  0]SourceControl: Info Source control is disabled
[2017.09.06-15.53.00:740][  0]SourceControl: Info Source control is disabled
[2017.09.06-15.53.00:843][  0]SourceControl: Info Source control is disabled
[2017.09.06-15.53.04:925][  0]LogEngine: Initializing Engine...
[2017.09.06-15.53.04:926][  0]LogHMD: Failed to initialize OpenVR with code 110
[2017.09.06-15.53.05:686][  0]LogStats: UGameplayTagsManager::ConstructGameplayTagTree: Construct from data asset -  0.000 s
[2017.09.06-15.53.05:689][  0]LogStats: UGameplayTagsManager::ConstructGameplayTagTree: GameplayTagTreeChangedEvent.Broadcast -  0.000 s
[2017.09.06-15.53.06:228][  0]LogAIModule: Creating AISystem for world Untitled
[2017.09.06-15.53.06:317][  0]LogInit: XAudio2 using 'Altavoces (Realtek High Definition Audio)' : 2 channels at 48 kHz using 32 bits per sample (channel mask 0x3)
[2017.09.06-15.53.06:348][  0]LogInit: FAudioDevice initialized.
[2017.09.06-15.53.06:407][  0]LogDerivedDataCache: Saved boot cache 0.06s 50MB C:/Users/Aleix/AppData/Local/UnrealEngine/4.15/DerivedDataCache/Boot.ddc.
[2017.09.06-15.53.06:428][  0]LogInit: Texture streaming: Enabled
[2017.09.06-15.53.06:646][  0]LogEngineSessionManager: EngineSessionManager initialized
[2017.09.06-15.53.07:055][  0]LogInit: Transaction tracking system initialized
[2017.09.06-15.53.08:743][  0]BlueprintLog: New page: Editor Load
[2017.09.06-15.53.12:826][  0]LocalizationService: Info Localization service is disabled
[2017.09.06-15.53.15:707][  0]LogConsoleResponse:Display: 
[2017.09.06-15.53.19:505][  0]LogFileCache: Scanning file cache for directory 'D:/works/Videojocs/Roguelike/RoguelikeProj/Roguelike/Content/' took 0.02s
[2017.09.06-15.53.19:505][  0]LogCook:Display: Max memory allowance for cook 16384mb min free memory 0mb
[2017.09.06-15.53.19:505][  0]LogCook:Display: Mobile HDR setting 1
[2017.09.06-15.53.29:228][  0]SourceControl: Info Source control is disabled
[2017.09.06-15.53.29:383][  0]Cmd: MAP LOAD FILE="D:/works/Videojocs/Roguelike/RoguelikeProj/Roguelike/Content/StarterContent/Maps/Minimal_Default.umap" TEMPLATE=0 SHOWPROGRESS=1 FEATURELEVEL=3
[2017.09.06-15.53.29:449][  0]LightingResults: New page: Lighting Build
[2017.09.06-15.53.29:622][  0]MapCheck: New page: Map Check
[2017.09.06-15.53.29:622][  0]LightingResults: New page: Lighting Build
[2017.09.06-15.53.34:832][  0]LogAIModule: Creating AISystem for world Minimal_Default
[2017.09.06-15.53.35:906][  0]LogEditorServer: Finished looking for orphan Actors (0.000 secs)
[2017.09.06-15.53.35:990][  0]Cmd: MAP CHECKDEP NOCLEARLOG
[2017.09.06-15.53.36:102][  0]MapCheck: Info Map check complete: 0 Error(s), 0 Warning(s), took 112.619ms to complete.
[2017.09.06-15.53.36:102][  0]LogFileHelpers: Loading map 'Minimal_Default' took 6.781
[2017.09.06-15.53.38:594][  0]LogCollectionManager: Loaded 0 collections in 0.002825 seconds
[2017.09.06-15.53.38:907][  0]LogFileCache: Scanning file cache for directory 'D:/works/Videojocs/Roguelike/RoguelikeProj/Roguelike/Saved/Collections/' took 0.01s
[2017.09.06-15.53.38:907][  0]LogFileCache: Scanning file cache for directory 'D:/works/Videojocs/Roguelike/RoguelikeProj/Roguelike/Content/Developers/Aleix/Collections/' took 0.01s
[2017.09.06-15.53.38:907][  0]LogFileCache: Scanning file cache for directory 'D:/works/Videojocs/Roguelike/RoguelikeProj/Roguelike/Content/Collections/' took 0.01s
[2017.09.06-15.53.38:907][  0]LogCollectionManager: Rebuilt the GUID cache for 0 collections in 0.000002 seconds
[2017.09.06-15.53.38:938][  0]LogContentBrowser: Native class hierarchy populated in 0.0286 seconds. Added 2245 classes and 453 folders.
[2017.09.06-15.53.39:178][  0]LogContentBrowser: Native class hierarchy updated for 'WidgetCarousel' in 0.0007 seconds. Added 0 classes and 0 folders.
[2017.09.06-15.53.44:599][  0]LogContentBrowser: Native class hierarchy updated for 'AddContentDialog' in 0.0008 seconds. Added 0 classes and 0 folders.
[2017.09.06-15.53.46:163][  0]LogContentBrowser: Native class hierarchy updated for 'SceneOutliner' in 0.0008 seconds. Added 1 classes and 2 folders.
[2017.09.06-15.53.47:342][  0]LogCrashTracker: Crashtracker disabled due to settings.
[2017.09.06-15.53.47:673][  0]LogUObjectGlobals:Warning: Failed to find object 'Class None.'
[2017.09.06-15.53.48:071][  0]LogContentBrowser: Native class hierarchy updated for 'HierarchicalLODOutliner' in 0.0009 seconds. Added 1 classes and 2 folders.
[2017.09.06-15.53.48:072][  0]LogLoad: (Engine Initialization) Total time: 130.44 seconds
[2017.09.06-15.53.48:072][  0]LogLoad: (Engine Initialization) Total Blueprint compile time: 0.67 seconds
[2017.09.06-15.53.48:072][  0]LogExternalProfiler: Found external profiler: VSPerf
[2017.09.06-15.53.48:072][  0]LogExternalProfiler: Using external profiler: VSPerf
[2017.09.06-15.53.48:431][  0]LogOcInput: OculusInput pre-init called
[2017.09.06-15.53.48:688][  0]LogContentStreaming: Texture pool size now 1000 MB
[2017.09.06-15.53.48:954][  0]LogSlate: Took 0.037119 seconds to synchronously load lazily loaded font '../../../Engine/Content/Slate/Fonts/Roboto-Regular.ttf' (155K)
[2017.09.06-15.53.49:055][  0]LogSlate: Took 0.036829 seconds to synchronously load lazily loaded font '../../../Engine/Content/Editor/Slate/Fonts/FontAwesome.ttf' (139K)
[2017.09.06-15.53.49:138][  0]LogSlate: Took 0.052767 seconds to synchronously load lazily loaded font '../../../Engine/Content/Slate/Fonts/Roboto-Bold.ttf' (160K)
[2017.09.06-15.53.50:672][  0]LogRenderer: Reallocating scene render targets to support 884x724 NumSamples 1 (Frame:2).
[2017.09.06-15.53.52:373][  1]LogSlate: Took 0.083162 seconds to synchronously load lazily loaded font '../../../Engine/Content/Slate/Fonts/Roboto-Light.ttf' (159K)
[2017.09.06-15.53.53:185][  4]LogAssetRegistry: Asset discovery search completed in 81.6953 seconds
[2017.09.06-15.53.53:185][  4]LogCollectionManager: Rebuilt the object cache for 0 collections in 0.000015 seconds (found 0 objects)
[2017.09.06-15.53.53:185][  4]LogCollectionManager: Fixed up redirectors for 0 collections in 0.000044 seconds (updated 0 objects)
[2017.09.06-15.54.09:439][180]SourceControl: Info On branch master
[2017.09.06-15.54.09:440][180]SourceControl: Info Your branch is up-to-date with 'origin/master'.
[2017.09.06-15.54.09:440][180]SourceControl: Info Changes not staged for commit:
[2017.09.06-15.54.09:440][180]SourceControl: Info   (use "git add <file>..." to update what will be committed)
[2017.09.06-15.54.09:440][180]SourceControl: Info   (use "git checkout -- <file>..." to discard changes in working directory)
[2017.09.06-15.54.09:440][180]SourceControl: Info 	modified:   Saved/Config/Windows/EditorPerProjectUserSettings.ini
[2017.09.06-15.54.09:440][180]SourceControl: Info 	modified:   Saved/Config/Windows/Engine.ini
[2017.09.06-15.54.09:440][180]SourceControl: Info 	modified:   Saved/Logs/RoguelikeProj.log
[2017.09.06-15.54.09:440][180]SourceControl: Info Untracked files:
[2017.09.06-15.54.09:440][180]SourceControl: Info   (use "git add <file>..." to include in what will be committed)
[2017.09.06-15.54.09:440][180]SourceControl: Info 	Saved/Logs/RoguelikeProj-backup-2017.09.06-17.51.48.log
[2017.09.06-15.54.09:440][180]SourceControl: Info 	Saved/Logs/UE4CC-Windows-EA27F48547EF71C53B120BB19E4F9CE8/
[2017.09.06-15.54.09:440][180]SourceControl: Info no changes added to commit (use "git add" and/or "git commit -a")
[2017.09.06-15.54.19:209][173]LogEditorViewport: Clicking on Actor (LMB): StaticMeshActor (Chair)
[2017.09.06-15.54.41:445][973]MapCheck: New page: Map Check
[2017.09.06-15.54.41:510][973]LightingResults: New page: Lighting Build - Sep 6, 2017, 7:54:41 PM
[2017.09.06-15.54.41:832][973]LogSwarmInterface: [OpenConnection] Registering TCP channel ...
[2017.09.06-15.54.42:007][973]LogSwarmInterface: [OpenConnection] Connecting to agent ...
[2017.09.06-15.54.42:104][973]LogSwarmInterface: [TryOpenConnection] Testing the Agent
[2017.09.06-15.54.44:880][973]LogSwarmInterface:Error: [TryOpenConnection] Waiting for the agent to start up ...
[2017.09.06-15.54.45:005][973]LogSwarmInterface:Error: System.Net.Sockets.SocketException (0x80004005): No se puede establecer una conexión ya que el equipo de destino denegó expresamente dicha conexión 127.0.0.1:8008

Server stack trace: 
   en System.Net.Sockets.Socket.DoConnect(EndPoint endPointSnapshot, SocketAddress socketAddress)
   en System.Net.Sockets.Socket.Connect(EndPoint remoteEP)
   en System.Runtime.Remoting.Channels.RemoteConnection.CreateNewSocket(EndPoint ipEndPoint)
   en System.Runtime.Remoting.Channels.SocketCache.GetSocket(String machinePortAndSid, Boolean openNew)
   en System.Runtime.Remoting.Channels.Tcp.TcpClientTransportSink.SendRequestWithRetry(IMessage msg, ITransportHeaders requestHeaders, Stream requestStream)
   en System.Runtime.Remoting.Channels.Tcp.TcpClientTransportSink.AsyncProcessRequest(IClientChannelSinkStack sinkStack, IMessage msg, ITransportHeaders headers, Stream stream)
   en System.Runtime.Remoting.Channels.BinaryClientFormatterSink.AsyncProcessMessage(IMessage msg, IMessageSink replySink)

Exception rethrown at [0]: 
   en System.Runtime.Remoting.Proxies.RealProxy.HandleReturnMessage(IMessage reqMsg, IMessage retMsg)
   en System.Runtime.Remoting.Proxies.RealProxy.PrivateInvoke(MessageData& msgData, Int32 type)
   en NSwarm.IAgentInterfaceWrapper.MethodDelegate.EndInvoke(Hashtable& OutParameters, IAsyncResult result)
   en NSwarm.FSwarmInterface.TryOpenConnection(FConnectionCallback CallbackFunc, IntPtr CallbackData, ELogFlags LoggingFlags)
[2017.09.06-15.54.50:531][973]LogSwarmInterface: [TryOpenConnection] Opening Connection to Agent
[2017.09.06-15.54.50:531][973]LogSwarmInterface: [TryOpenConnection] Local Process ID is 12068
[2017.09.06-15.54.55:773][973]LogStaticLightingSystem:Warning: No importance volume found, so the scene bounding box was used.  You can optimize your scene's quality and lighting build times by adding importance volumes.
[2017.09.06-15.54.55:773][973]LogStaticLightingSystem: Running Lightmass w/ ImmediateImport mode ENABLED
[2017.09.06-15.54.55:773][973]LogStaticLightingSystem: Running Lightmass w/ ImmediateProcess mode ENABLED
[2017.09.06-15.54.55:773][973]LogStaticLightingSystem: Running Lightmass w/ Sorting mode ENABLED
[2017.09.06-15.54.55:773][973]LogStaticLightingSystem: Running Lightmass w/ Mapping paddings ENABLED
[2017.09.06-15.54.55:773][973]LogStaticLightingSystem: Running Lightmass w/ Mapping debug paddings DISABLED
[2017.09.06-15.54.56:657][973]LogEditorBuildUtils: Build time 0:15
[2017.09.06-15.54.56:714][974]LogMaterial: Missing cached shader map for material FLightmassMaterialRenderer MaterialInstanceDynamic_0, compiling. 
[2017.09.06-15.54.56:743][974]LogTemp:Display: Added material ShaderMap 0x000001C895D48800 with Material 0x000001C895D65600 to ShaderMapsBeingCompiled
[2017.09.06-15.54.56:749][974]LogTemp:Display: Kicking off shader compilation for FLightmassMaterialRenderer MaterialInstanceDynamic_0, GameThreadShaderMap 0x000001C895D48800
[2017.09.06-15.54.56:788][974]LogMaterial: Missing cached shader map for material FLightmassMaterialRenderer MaterialInstanceDynamic_0, compiling. 
[2017.09.06-15.54.56:801][974]LogTemp:Display: Added material ShaderMap 0x000001C8B6972780 with Material 0x000001C895D65300 to ShaderMapsBeingCompiled
[2017.09.06-15.54.56:804][974]LogTemp:Display: Kicking off shader compilation for FLightmassMaterialRenderer MaterialInstanceDynamic_0, GameThreadShaderMap 0x000001C8B6972780
[2017.09.06-15.54.58:020][976]LogTemp:Display: Finished compile of shader map 0x000001C895D48800
[2017.09.06-15.54.58:020][976]LogTemp:Display: Shader map FLightmassMaterialRenderer MaterialInstanceDynamic_0 complete, GameThreadShaderMap 0x000001C895D48800, marking material FLightmassMaterialRenderer MaterialInstanceDynamic_0 as finished
[2017.09.06-15.54.58:020][976]LogTemp:Display: Marking material as finished 0x000001C895D65600
[2017.09.06-15.54.58:074][976]LogTemp:Display: Finished compile of shader map 0x000001C8B6972780
[2017.09.06-15.54.58:074][976]LogTemp:Display: Shader map FLightmassMaterialRenderer MaterialInstanceDynamic_0 complete, GameThreadShaderMap 0x000001C8B6972780, marking material FLightmassMaterialRenderer MaterialInstanceDynamic_0 as finished
[2017.09.06-15.54.58:075][976]LogTemp:Display: Marking material as finished 0x000001C895D65300
[2017.09.06-15.55.06:583][224]Job is a success!
[2017.09.06-15.55.06:979][225]LogSlate: Took 0.000296 seconds to synchronously load lazily loaded font '../../../Engine/Content/Slate/Fonts/Roboto-Light.ttf' (159K)
[2017.09.06-15.55.07:866][225]LogTexture:Display: Building textures: SkyOcclusion0_1 (AutoDXT, 512X256) - 92 MB total VRAM
[2017.09.06-15.55.07:866][225]LogTexture:Display: Building textures: HQ_Lightmap0_1 (AutoDXT, 512X512) - 92 MB total VRAM
[2017.09.06-15.55.07:866][225]LogTexture:Display: Building textures: LQ_Lightmap_0_1 (DXT1, 512X512) - 92 MB total VRAM
[2017.09.06-15.55.07:866][225]LogTexture:Display: Building textures: SkyOcclusion0_2 (AutoDXT, 64X32) - 92 MB total VRAM
[2017.09.06-15.55.07:866][225]LogTexture:Display: Building textures: HQ_Lightmap0_2 (AutoDXT, 64X64) - 92 MB total VRAM
[2017.09.06-15.55.07:866][225]LogTexture:Display: Building textures: LQ_Lightmap_0_2 (DXT1, 64X64) - 92 MB total VRAM
[2017.09.06-15.55.08:129][225]LogTexture:Display: Building textures: ShadowMapTexture2D_0 (G8, 1024X128) - 92 MB total VRAM
[2017.09.06-15.55.08:129][225]LogTexture:Display: Building textures: ShadowMapTexture2D_1 (G8, 32X32) - 92 MB total VRAM
[2017.09.06-15.55.08:436][225]Lightmass on ALEIXDESKTOP: 8.28 sec total, 5.04 sec importing, 60 ms setup, 199 ms photons, 2.91 sec processing, 0 ms extra exporting [7/7 mappings]. Threads: 11.6 sec total, 2.77 sec processing.
[2017.09.06-15.55.08:474][225]LogStaticLightingSystem: Illumination: 26.6 sec (417 ms encoding lightmaps, 262 ms encoding shadowmaps)
[2017.09.06-15.55.08:474][225]LogStaticLightingSystem: Lightmap texture memory:  0.7 MB (0.7 MB streaming, 0.0 MB non-streaming), 4 textures
[2017.09.06-15.55.08:474][225]LogStaticLightingSystem: Shadowmap texture memory: 0.2 MB (0.2 MB streaming, 0.0 MB non-streaming), 2 textures
[2017.09.06-15.55.08:777][225]DumpUnbuiltLightIteractions
[2017.09.06-15.55.08:777][225]Lights with unbuilt interactions: 0
[2017.09.06-15.55.08:777][225]
[2017.09.06-15.55.08:777][225]Primitives with unbuilt interactions: 0
[2017.09.06-15.55.08:796][226]Cmd: MAP CHECK NOTIFYRESULTS
[2017.09.06-15.55.08:797][226]MapCheck: New page: Minimal_Default - Sep 6, 2017, 7:55:08 PM
[2017.09.06-15.55.08:914][226]MapCheck: Info Map check complete: 0 Error(s), 0 Warning(s), took 117.529ms to complete.
[2017.09.06-15.56.20:705][600]LogSavePackage: Save=249.34ms
[2017.09.06-15.56.20:706][600]LogSavePackage: Moving 'D:/works/Videojocs/Roguelike/RoguelikeProj/Roguelike/Saved/Minimal_DefaultCC11796F4FD873E994A917AB6DB5E4AE.tmp' to 'D:/works/Videojocs/Roguelike/RoguelikeProj/Roguelike/Content/StarterContent/Maps/Minimal_Default.umap'
[2017.09.06-15.56.20:712][600]LogSavePackage:Display: Finished SavePackage D:/works/Videojocs/Roguelike/RoguelikeProj/Roguelike/Content/StarterContent/Maps/Minimal_Default.umap
[2017.09.06-15.56.20:952][600]LogSavePackage: Save=95.11ms
[2017.09.06-15.56.20:952][600]LogSavePackage: Moving 'D:/works/Videojocs/Roguelike/RoguelikeProj/Roguelike/Saved/Minimal_Default_BuiltData4696DD4B42941E7286E9DFA174151709.tmp' to 'D:/works/Videojocs/Roguelike/RoguelikeProj/Roguelike/Content/StarterContent/Maps/Minimal_Default_BuiltData.uasset'
[2017.09.06-15.56.20:956][600]LogSavePackage:Display: Finished SavePackage D:/works/Videojocs/Roguelike/RoguelikeProj/Roguelike/Content/StarterContent/Maps/Minimal_Default_BuiltData.uasset
[2017.09.06-15.56.39:565][242]SourceControl: Info fatal: C:/Program Files/Epic Games/UE_4.15/Engine/Content/: 'C:/Program Files/Epic Games/UE_4.15/Engine/Content/' is outside repository
[2017.09.06-15.56.39:736][242]LogPackageName:Error: Illegal call to DoesPackageExist: 'D:/works/Videojocs/Roguelike/RoguelikeProj/Roguelike/RoguelikeProj.uproject' is not a standard unreal filename or a long path name. Reason: Path should be no less than 4 characters long.
[2017.09.06-15.56.40:889][242]LogStats: FPlatformStackWalk::StackWalkAndDump -  1.145 s
[2017.09.06-15.56.40:889][242]LogOutputDevice:Error: === Handled ensure: ===
[2017.09.06-15.56.40:889][242]LogOutputDevice:Error: 
[2017.09.06-15.56.40:889][242]LogOutputDevice:Error: Ensure condition failed: false [File:D:\Build\++UE4+Release-4.15+Compile\Sync\Engine\Source\Runtime\CoreUObject\Private\Misc\PackageName.cpp] [Line: 650]
[2017.09.06-15.56.40:889][242]LogOutputDevice:Error: Illegal call to DoesPackageExist: 'D:/works/Videojocs/Roguelike/RoguelikeProj/Roguelike/RoguelikeProj.uproject' is not a standard unreal filename or a long path name. Reason: Path should be no less than 4 characters long.
[2017.09.06-15.56.40:889][242]LogOutputDevice:Error: Stack: 
[2017.09.06-15.56.40:889][242]LogOutputDevice:Error: UE4Editor-Core.dll!0x00000000640295E6
[2017.09.06-15.56.40:889][242]LogOutputDevice:Error: UE4Editor-Core.dll!0x0000000063DD9B82
[2017.09.06-15.56.40:889][242]LogOutputDevice:Error: UE4Editor-Core.dll!0x0000000063DEB666
[2017.09.06-15.56.40:889][242]LogOutputDevice:Error: UE4Editor-CoreUObject.dll!0x000000006027A6E8
[2017.09.06-15.56.40:889][242]LogOutputDevice:Error: UE4Editor-SourceControl.dll!0x0000000059B63D22
[2017.09.06-15.56.40:889][242]LogOutputDevice:Error: UE4Editor-SourceControl.dll!0x0000000059B63EB9
[2017.09.06-15.56.40:889][242]LogOutputDevice:Error: UE4Editor-SourceControlWindows.dll!0x0000000056141D2E
[2017.09.06-15.56.40:889][242]LogOutputDevice:Error: UE4Editor-SourceControlWindows.dll!0x00000000560FB4B5
[2017.09.06-15.56.40:889][242]LogOutputDevice:Error: UE4Editor-SourceControlWindows.dll!0x00000000560FAA8D
[2017.09.06-15.56.40:889][242]LogOutputDevice:Error: UE4Editor-SourceControlWindows.dll!0x000000005610F274
[2017.09.06-15.56.40:889][242]LogOutputDevice:Error: UE4Editor-GitSourceControl.dll!0x000000004F4EB851
[2017.09.06-15.56.40:889][242]LogOutputDevice:Error: UE4Editor-GitSourceControl.dll!0x000000004F4FD1ED
[2017.09.06-15.56.40:889][242]LogOutputDevice:Error: UE4Editor-SourceControl.dll!0x0000000059B69C5C
[2017.09.06-15.56.40:889][242]LogOutputDevice:Error: UE4Editor-UnrealEd.dll!0x000000005E4D7517
[2017.09.06-15.56.40:889][242]LogOutputDevice:Error: UE4Editor-UnrealEd.dll!0x000000005ECE2196
[2017.09.06-15.56.40:889][242]LogOutputDevice:Error: UE4Editor.exe!0x00000000F73BDEE3
[2017.09.06-15.56.40:889][242]LogOutputDevice:Error: UE4Editor.exe!0x00000000F73AEB40
[2017.09.06-15.56.40:889][242]LogOutputDevice:Error: UE4Editor.exe!0x00000000F73AEBBA
[2017.09.06-15.56.40:889][242]LogOutputDevice:Error: UE4Editor.exe!0x00000000F73C0A29
[2017.09.06-15.56.40:889][242]LogOutputDevice:Error: UE4Editor.exe!0x00000000F73C22B6
[2017.09.06-15.56.40:889][242]LogOutputDevice:Error: KERNEL32.DLL!0x00000000ABAA2774
[2017.09.06-15.56.40:889][242]LogOutputDevice:Error: ntdll.dll!0x00000000ABBB0D51
[2017.09.06-15.56.40:889][242]LogOutputDevice:Error: 
[2017.09.06-15.56.40:890][242]LogStats:                SubmitErrorReport -  0.000 s
