Log file open, 09/12/17 21:31:38
LogInit:Display: Running engine without a game
LogPlatformFile: Not using cached read wrapper
LogInit:Display: Loading recent project file: D:/works/Videojocs/Roguelike/RoguelikeProj/Roguelike/RoguelikeProj.uproject
LogInit:Display: RandInit(-675676248) SRandInit(-675676248).
LogTaskGraph: Started task graph with 5 named threads and 6 total threads with 1 sets of task threads.
LogStats: Stats thread started at 0.078221
LogInit: Using libcurl 7.47.1
LogInit:  - built for x86_64-pc-win32
LogInit:  - supports SSL with OpenSSL/1.0.2g
LogInit:  - supports HTTP deflate (compression) using libz 1.2.8
LogInit:  - other features:
LogInit:      CURL_VERSION_SSL
LogInit:      CURL_VERSION_LIBZ
LogInit:      CURL_VERSION_IPV6
LogInit:      CURL_VERSION_ASYNCHDNS
LogInit:      CURL_VERSION_LARGEFILE
LogInit:      CURL_VERSION_IDN
LogInit:  CurlRequestOptions (configurable via config and command line):
LogInit:  - bVerifyPeer = false  - Libcurl will NOT verify peer certificate
LogInit:  - bUseHttpProxy = false  - Libcurl will NOT use HTTP proxy
LogInit:  - bDontReuseConnections = false  - Libcurl will reuse connections
LogInit:  - CertBundlePath = nullptr  - Libcurl will use whatever was configured at build time.
LogInit: Build: ++UE4+Release-4.15-CL-3450819
LogInit: Engine Version: 4.15.3-3450819+++UE4+Release-4.15
LogInit: Compatible Engine Version: 4.15.0-3299760+++UE4+Release-4.15
LogInit: Net CL: 3299760
LogDevObjectVersion: Number of dev versions registered: 14
LogDevObjectVersion:   Dev-Blueprints (B0D832E4-1F89-4F0D-ACCF-7EB736FD4AA2): 8
LogDevObjectVersion:   Dev-Build (E1C64328-A22C-4D53-A36C-8E866417BD8C): 0
LogDevObjectVersion:   Dev-Core (375EC13C-06E4-48FB-B500-84F0262A717E): 2
LogDevObjectVersion:   Dev-Editor (E4B068ED-F494-42E9-A231-DA0B2E46BB41): 14
LogDevObjectVersion:   Dev-Framework (CFFC743F-43B0-4480-9391-14DF171D2073): 22
LogDevObjectVersion:   Dev-Mobile (B02B49B5-BB20-44E9-A304-32B752E40360): 0
LogDevObjectVersion:   Dev-Networking (A4E4105C-59A1-49B5-A7C5-40C4547EDFEE): 0
LogDevObjectVersion:   Dev-Online (39C831C9-5AE6-47DC-9A44-9C173E1C8E7C): 0
LogDevObjectVersion:   Dev-Physics (78F01B33-EBEA-4F98-B9B4-84EACCB95AA2): 0
LogDevObjectVersion:   Dev-Platform (6631380F-2D4D-43E0-8009-CF276956A95A): 0
LogDevObjectVersion:   Dev-Rendering (12F88B9F-8875-4AFC-A67C-D90C383ABD29): 12
LogDevObjectVersion:   Dev-Sequencer (7B5AE74C-D270-4C10-A958-57980B212A5A): 3
LogDevObjectVersion:   Dev-VR (D7296918-1DD6-4BDD-9DE2-64A83CC13884): 0
LogDevObjectVersion:   Dev-LoadTimes (C2A15278-BFE7-4AFE-6C17-90FF531DF755): 1
LogInit: Compiled (64-bit): May 21 2017 11:02:34
LogInit: Compiled with Visual C++: 19.00.23026.00
LogInit: Build Configuration: Development
LogInit: Branch Name: ++UE4+Release-4.15
LogInit: Command line: -EpicPortal 
LogInit: Base directory: C:/Program Files/Epic Games/UE_4.15/Engine/Binaries/Win64/
LogInit: Installed Engine Build: 1
LogInit: Presizing for max 8388607 objects, including 0 objects not considered by GC, pre-allocating 0 bytes for permanent pool.
LogInit: Object subsystem initialized
[2017.09.12-19.31.39:993][  0]LogInit: Selected Device Profile: [Windows]
[2017.09.12-19.31.39:993][  0]LogInit: Applying CVar settings loaded from the selected device profile: [Windows]
[2017.09.12-19.31.40:066][  0]LogInit: Computer: ALEIXDESKTOP
[2017.09.12-19.31.40:066][  0]LogInit: User: Aleix
[2017.09.12-19.31.40:066][  0]LogInit: CPU Page size=65536, Cores=2
[2017.09.12-19.31.40:066][  0]LogInit: High frequency timer resolution =3.704204 MHz
[2017.09.12-19.31.40:066][  0]LogMemory: Memory total: Physical=7.9GB (8GB approx)
[2017.09.12-19.31.40:066][  0]LogMemory: Platform Memory Stats for Windows
[2017.09.12-19.31.40:066][  0]LogMemory: Process Physical Memory: 261.73 MB used, 261.73 MB peak
[2017.09.12-19.31.40:066][  0]LogMemory: Process Virtual Memory: 261.99 MB used, 261.99 MB peak
[2017.09.12-19.31.40:066][  0]LogMemory: Physical Memory: 2604.82 MB used,  5527.10 MB free, 8131.92 MB total
[2017.09.12-19.31.40:066][  0]LogMemory: Virtual Memory: 643.35 MB used,  5527.10 MB free, 134217728.00 MB total
[2017.09.12-19.31.40:195][  0]LogInit: Overriding culture en with editor configuration.
[2017.09.12-19.31.46:973][  0]LogD3D11RHI: D3D11 adapters:
[2017.09.12-19.31.47:735][  0]LogD3D11RHI:    0. 'NVIDIA GeForce GTX 960' (Feature Level 11_0)
[2017.09.12-19.31.47:735][  0]LogD3D11RHI:       4062/0/4065 MB DedicatedVideo/DedicatedSystem/SharedSystem, Outputs:2, VendorId:0x10de
[2017.09.12-19.31.47:737][  0]LogD3D11RHI:    1. 'Microsoft Basic Render Driver' (Feature Level 11_0)
[2017.09.12-19.31.47:738][  0]LogD3D11RHI:       0/0/4065 MB DedicatedVideo/DedicatedSystem/SharedSystem, Outputs:0, VendorId:0x1414
[2017.09.12-19.31.47:738][  0]LogD3D11RHI: Chosen D3D11 Adapter: 0
[2017.09.12-19.31.47:746][  0]LogD3D11RHI: Creating new Direct3DDevice
[2017.09.12-19.31.47:746][  0]LogD3D11RHI:     GPU DeviceId: 0x1401 (for the marketing name, search the web for "GPU Device Id")
[2017.09.12-19.31.47:746][  0]LogWindows: EnumDisplayDevices:
[2017.09.12-19.31.47:746][  0]LogWindows:    0. 'NVIDIA GeForce GTX 960' (P:1 D:1)
[2017.09.12-19.31.47:747][  0]LogWindows:    1. 'NVIDIA GeForce GTX 960' (P:0 D:1)
[2017.09.12-19.31.47:747][  0]LogWindows:    2. 'NVIDIA GeForce GTX 960' (P:0 D:0)
[2017.09.12-19.31.47:747][  0]LogWindows:    3. 'NVIDIA GeForce GTX 960' (P:0 D:0)
[2017.09.12-19.31.47:747][  0]LogWindows: DebugString: FoundDriverCount:4 
[2017.09.12-19.31.47:747][  0]LogD3D11RHI:     Adapter Name: NVIDIA GeForce GTX 960
[2017.09.12-19.31.47:747][  0]LogD3D11RHI:   Driver Version: 382.05 (internal:22.21.13.8205, unified:382.05)
[2017.09.12-19.31.47:747][  0]LogD3D11RHI:      Driver Date: 5-1-2017
[2017.09.12-19.31.47:747][  0]LogRHI: Texture pool is 1361 MB (70% of 1945 MB)
[2017.09.12-19.31.48:469][  0]LogD3D11RHI: Async texture creation enabled
[2017.09.12-19.31.48:810][  0]LogD3D11RHI: GPU Timing Frequency: 1000.000000 (Debug: 2 1)
[2017.09.12-19.31.48:813][  0]LogShaderCompilers: Guid format shader working directory is -6 characters bigger than the processId version (D:/works/Videojocs/Roguelike/RoguelikeProj/Roguelike/Intermediate/Shaders/WorkingDirectory/1144/).
[2017.09.12-19.31.48:813][  0]LogShaderCompilers: Cleaned the shader compiler working directory 'C:/Users/Aleix/AppData/Local/Temp/UnrealShaderWorkingDir/2F1FA199477A61A40B1787A8B9674F20/'.
[2017.09.12-19.31.48:813][  0]LogShaderCompilers:Display: Using Local Shader Compiler.
[2017.09.12-19.31.53:245][  0]LogTemp:Display: Loaded TP AllDesktopTargetPlatform
[2017.09.12-19.31.53:371][  0]LogTemp:Display: Loaded TP MacClientTargetPlatform
[2017.09.12-19.31.53:471][  0]LogTemp:Display: Loaded TP MacNoEditorTargetPlatform
[2017.09.12-19.31.53:567][  0]LogTemp:Display: Loaded TP MacServerTargetPlatform
[2017.09.12-19.31.53:690][  0]LogTemp:Display: Loaded TP MacTargetPlatform
[2017.09.12-19.31.53:788][  0]LogTemp:Display: Loaded TP WindowsClientTargetPlatform
[2017.09.12-19.31.53:886][  0]LogTemp:Display: Loaded TP WindowsNoEditorTargetPlatform
[2017.09.12-19.31.53:985][  0]LogTemp:Display: Loaded TP WindowsServerTargetPlatform
[2017.09.12-19.31.54:068][  0]LogTemp:Display: Loaded TP WindowsTargetPlatform
[2017.09.12-19.31.54:175][  0]LogTemp:Display: Loaded TP AndroidTargetPlatform
[2017.09.12-19.31.54:268][  0]LogTemp:Display: Loaded TP Android_ASTCTargetPlatform
[2017.09.12-19.31.54:363][  0]LogTemp:Display: Loaded TP Android_ATCTargetPlatform
[2017.09.12-19.31.54:463][  0]LogTemp:Display: Loaded TP Android_DXTTargetPlatform
[2017.09.12-19.31.54:557][  0]LogTemp:Display: Loaded TP Android_ETC1TargetPlatform
[2017.09.12-19.31.54:654][  0]LogTemp:Display: Loaded TP Android_ETC2TargetPlatform
[2017.09.12-19.31.54:843][  0]LogTemp:Display: Loaded TP Android_MultiTargetPlatform
[2017.09.12-19.31.54:843][  0]LogTemp:Display: Loaded TP Android_PVRTCTargetPlatform
[2017.09.12-19.31.54:916][  0]LogTemp:Display: Loaded TP HTML5TargetPlatform
[2017.09.12-19.31.55:098][  0]LogTemp:Display: Loaded TP IOSTargetPlatform
[2017.09.12-19.31.55:163][  0]LogTemp:Display: Loaded TP TVOSTargetPlatform
[2017.09.12-19.31.55:259][  0]LogTemp:Display: Loaded TP LinuxClientTargetPlatform
[2017.09.12-19.31.55:355][  0]LogTemp:Display: Loaded TP LinuxNoEditorTargetPlatform
[2017.09.12-19.31.55:452][  0]LogTemp:Display: Loaded TP LinuxServerTargetPlatform
[2017.09.12-19.31.55:563][  0]LogTemp:Display: Loaded TP LinuxTargetPlatform
[2017.09.12-19.31.55:563][  0]LogTargetPlatformManager:Display: Building Assets For Windows
[2017.09.12-19.31.56:433][  0]LogDerivedDataCache:Display: Max Cache Size: 512 MB
[2017.09.12-19.31.56:904][  0]LogDerivedDataCache: Loaded boot cache 0.47s 50MB C:/Users/Aleix/AppData/Local/UnrealEngine/4.15/DerivedDataCache/Boot.ddc.
[2017.09.12-19.31.56:904][  0]LogDerivedDataCache:Display: Loaded Boot cache: C:/Users/Aleix/AppData/Local/UnrealEngine/4.15/DerivedDataCache/Boot.ddc
[2017.09.12-19.31.56:904][  0]LogDerivedDataCache: FDerivedDataBackendGraph:  Pak pak cache file D:/works/Videojocs/Roguelike/RoguelikeProj/Roguelike/DerivedDataCache/DDC.ddp not found, will not use a pak cache.
[2017.09.12-19.31.56:904][  0]LogDerivedDataCache: Unable to find inner node Pak for hierarchical cache Hierarchy.
[2017.09.12-19.31.56:904][  0]LogDerivedDataCache: FDerivedDataBackendGraph:  CompressedPak pak cache file D:/works/Videojocs/Roguelike/RoguelikeProj/Roguelike/DerivedDataCache/Compressed.ddp not found, will not use a pak cache.
[2017.09.12-19.31.56:905][  0]LogDerivedDataCache: Unable to find inner node CompressedPak for hierarchical cache Hierarchy.
[2017.09.12-19.31.56:944][  0]LogDerivedDataCache:Display: Pak cache opened for reading ../../../Engine/DerivedDataCache/Compressed.ddp.
[2017.09.12-19.31.56:958][  0]LogDerivedDataCache: Using Local data cache path C:/Users/Aleix/AppData/Local/UnrealEngine/Common/DerivedDataCache: Writable
[2017.09.12-19.31.56:973][  0]LogSlate: Using Freetype 2.6.0
[2017.09.12-19.31.57:009][  0]LogSlate: SlateFontCache - WITH_FREETYPE: 1, WITH_HARFBUZZ: 1
[2017.09.12-19.31.57:009][  0]LogSlate: SlateFontCache - WITH_FREETYPE: 1, WITH_HARFBUZZ: 1
[2017.09.12-19.31.58:786][  0]LogInit: Selected Device Profile: [Windows]
[2017.09.12-19.31.58:792][  0]LogContentStreaming: Texture pool size is 0.00 MB
[2017.09.12-19.31.59:175][  0]LogMeshUtilities: Using QuadricMeshReduction for automatic static mesh reduction
[2017.09.12-19.31.59:254][  0]LogSimplygon: Simplygon DLL not present - disabling.
[2017.09.12-19.31.59:342][  0]LogMeshUtilities: Using SimplygonSwarm for distributed automatic mesh merging
[2017.09.12-19.31.59:342][  0]LogMeshUtilities: No automatic skeletal mesh reduction module available
[2017.09.12-19.31.59:342][  0]LogMeshUtilities: No automatic mesh merging module available
[2017.09.12-19.32.01:400][  0]LogNetVersion: GetLocalNetworkVersion: CL: 3299760, ProjectName: roguelikeproj, ProjectVersion: , EngineNetworkVersion: 2, GameNetworkVersion: 0, NetworkChecksum: 2218974894
[2017.09.12-19.32.01:476][  0]LogAssetRegistry: FAssetRegistry took 0.0222 seconds to start up
[2017.09.12-19.32.01:554][  0]LogPackageLocalizationCache: Processed 3 localized package path(s) for 1 prioritized culture(s) in 0.026956 seconds
[2017.09.12-19.32.01:565][  0]LogUObjectArray: 32493 objects as part of root set at end of initial load.
[2017.09.12-19.32.01:565][  0]LogUObjectAllocator: 7077024 out of 0 bytes used by permanent object pool.
[2017.09.12-19.32.01:565][  0]LogUObjectArray: CloseDisregardForGC: 0/0 objects in disregard for GC pool
[2017.09.12-19.32.01:700][  0]LogInit: WinSock: version 1.1 (2.2), MaxSocks=32767, MaxUdp=65467
[2017.09.12-19.32.37:698][  0]LogTcpMessaging: Initializing TcpMessaging bridge
[2017.09.12-19.32.37:767][  0]LogUdpMessaging: Initializing bridge on interface 0.0.0.0:0 to multicast group 230.0.0.1:6666.
[2017.09.12-19.32.39:321][  0]LogMaterial: Uniform references updated for custom material expression Custom.
[2017.09.12-19.32.40:338][  0]SourceControl: Info Source control is disabled
[2017.09.12-19.32.45:965][  0]LogEngine: Initializing Engine...
[2017.09.12-19.32.45:966][  0]LogHMD: Failed to initialize OpenVR with code 110
[2017.09.12-19.32.46:829][  0]LogStats: UGameplayTagsManager::ConstructGameplayTagTree: Construct from data asset -  0.000 s
[2017.09.12-19.32.46:829][  0]LogStats: UGameplayTagsManager::ConstructGameplayTagTree: GameplayTagTreeChangedEvent.Broadcast -  0.000 s
[2017.09.12-19.32.47:098][  0]LogAIModule: Creating AISystem for world Untitled
[2017.09.12-19.32.47:116][  0]LogInit: XAudio2 using 'Altavoces (Realtek High Definition Audio)' : 2 channels at 48 kHz using 32 bits per sample (channel mask 0x3)
[2017.09.12-19.32.47:156][  0]LogInit: FAudioDevice initialized.
[2017.09.12-19.32.47:290][  0]LogDerivedDataCache: Saved boot cache 0.13s 50MB C:/Users/Aleix/AppData/Local/UnrealEngine/4.15/DerivedDataCache/Boot.ddc.
[2017.09.12-19.32.47:310][  0]LogInit: Texture streaming: Enabled
[2017.09.12-19.32.47:502][  0]LogEngineSessionManager: EngineSessionManager initialized
[2017.09.12-19.32.47:688][  0]LogInit: Transaction tracking system initialized
[2017.09.12-19.32.48:357][  0]BlueprintLog: New page: Editor Load
[2017.09.12-19.32.50:172][  0]LocalizationService: Info Localization service is disabled
[2017.09.12-19.32.51:831][  0]LogConsoleResponse:Display: 
[2017.09.12-19.32.52:480][  0]LogPackageName:Warning: String asset reference "S_ClothTarps_03.SM.Mesh.S_ClothTarps_03" is in short form, which is unsupported and -- even if valid -- resolving it will be really slow.
[2017.09.12-19.32.52:480][  0]LogPackageName:Warning: Please consider resaving package in order to speed-up loading.
[2017.09.12-19.32.52:480][  0]LogPackageName: SearchForPackageOnDisk took   0.158s, but failed to resolve S_ClothTarps_03.
[2017.09.12-19.32.52:480][  0]LogPackageName:Warning: String asset reference "S_ClothTarps_03.SM.Mesh.S_ClothTarps_03" could not be resolved.
[2017.09.12-19.32.52:886][  0]LogCook:Display: Max memory allowance for cook 16384mb min free memory 0mb
[2017.09.12-19.32.52:886][  0]LogCook:Display: Mobile HDR setting 1
[2017.09.12-19.32.53:671][  0]LogFileCache: Scanning file cache for directory 'D:/works/Videojocs/Roguelike/RoguelikeProj/Roguelike/Content/' took 0.03s
[2017.09.12-19.32.57:000][  0]Cmd: MAP LOAD FILE="D:/works/Videojocs/Roguelike/RoguelikeProj/Roguelike/Content/StarterContent/Maps/Minimal_Default.umap" TEMPLATE=0 SHOWPROGRESS=1 FEATURELEVEL=3
[2017.09.12-19.32.57:001][  0]LightingResults: New page: Lighting Build
[2017.09.12-19.32.57:081][  0]MapCheck: New page: Map Check
[2017.09.12-19.32.57:081][  0]LightingResults: New page: Lighting Build
[2017.09.12-19.32.57:595][  0]LogLinker:Warning: Can't find file '/Temp/Diff/temp-591e3e9e3569351181c2005a83092d0a16003403-Minimal_Default_BuiltData'
[2017.09.12-19.32.57:595][  0]LogLinker:Warning: Can't find file for asset '/Temp/Diff/temp-591e3e9e3569351181c2005a83092d0a16003403-Minimal_Default_BuiltData' while loading D:/works/Videojocs/Roguelike/RoguelikeProj/Roguelike/Content/StarterContent/Maps/Minimal_Default.umap.
[2017.09.12-19.32.57:595][  0]LoadErrors:Error: Error /Game/StarterContent/Maps/Minimal_Default : Can't find file for asset. /Temp/Diff/temp-591e3e9e3569351181c2005a83092d0a16003403-Minimal_Default_BuiltData
[2017.09.12-19.32.57:642][  0]LogLinker:Warning: Can't find file '/Temp/Diff/temp-591e3e9e3569351181c2005a83092d0a16003403-Minimal_Default_BuiltData'
[2017.09.12-19.32.57:642][  0]LogLinker:Warning: Can't find file for asset '/Temp/Diff/temp-591e3e9e3569351181c2005a83092d0a16003403-Minimal_Default_BuiltData' while loading D:/works/Videojocs/Roguelike/RoguelikeProj/Roguelike/Content/StarterContent/Maps/Minimal_Default.umap.
[2017.09.12-19.32.57:642][  0]LoadErrors:Error: Error /Game/StarterContent/Maps/Minimal_Default : Can't find file for asset. /Temp/Diff/temp-591e3e9e3569351181c2005a83092d0a16003403-Minimal_Default_BuiltData
[2017.09.12-19.32.57:643][  0]LogLinker:Warning: Can't find file '/Temp/Diff/temp-591e3e9e3569351181c2005a83092d0a16003403-Minimal_Default_BuiltData'
[2017.09.12-19.32.57:643][  0]LogLinker:Warning: Can't find file for asset '/Temp/Diff/temp-591e3e9e3569351181c2005a83092d0a16003403-Minimal_Default_BuiltData' while loading NULL.
[2017.09.12-19.32.57:643][  0]LogLinker:Warning: Can't find file '/Temp/Diff/temp-591e3e9e3569351181c2005a83092d0a16003403-Minimal_Default_BuiltData'
[2017.09.12-19.32.57:643][  0]LogLinker:Warning: Can't find file for asset '/Temp/Diff/temp-591e3e9e3569351181c2005a83092d0a16003403-Minimal_Default_BuiltData' while loading NULL.
[2017.09.12-19.32.57:658][  0]LogLinker:Warning: Can't find file '/Temp/Diff/temp-591e3e9e3569351181c2005a83092d0a16003403-Minimal_Default_BuiltData'
[2017.09.12-19.32.57:658][  0]LoadErrors: Info Failed to load /Temp/Diff/temp-591e3e9e3569351181c2005a83092d0a16003403-Minimal_Default_BuiltData.temp-591e3e9e3569351181c2005a83092d0a16003403-Minimal_Default_BuiltData Referenced by PersistentLevel
[2017.09.12-19.32.57:658][  0]LogLinker:Warning: Can't find file for asset '/Temp/Diff/temp-591e3e9e3569351181c2005a83092d0a16003403-Minimal_Default_BuiltData' while loading NULL.
[2017.09.12-19.32.57:658][  0]LoadErrors: Info Failed to load /Temp/Diff/temp-591e3e9e3569351181c2005a83092d0a16003403-Minimal_Default_BuiltData.temp-591e3e9e3569351181c2005a83092d0a16003403-Minimal_Default_BuiltData Referenced by PersistentLevel
[2017.09.12-19.32.58:122][  0]LogAIModule: Creating AISystem for world Minimal_Default
[2017.09.12-19.32.58:333][  0]LogEditorServer: Finished looking for orphan Actors (0.000 secs)
[2017.09.12-19.32.58:334][  0]Cmd: MAP CHECKDEP NOCLEARLOG
[2017.09.12-19.32.58:422][  0]MapCheck: Info Map check complete: 0 Error(s), 0 Warning(s), took 87.3ms to complete.
[2017.09.12-19.32.58:422][  0]LogFileHelpers: Loading map 'Minimal_Default' took 1.422
[2017.09.12-19.32.58:689][  0]LogCollectionManager: Loaded 0 collections in 0.003001 seconds
[2017.09.12-19.32.58:827][  0]LogFileCache: Scanning file cache for directory 'D:/works/Videojocs/Roguelike/RoguelikeProj/Roguelike/Saved/Collections/' took 0.01s
[2017.09.12-19.32.58:827][  0]LogFileCache: Scanning file cache for directory 'D:/works/Videojocs/Roguelike/RoguelikeProj/Roguelike/Content/Developers/Aleix/Collections/' took 0.01s
[2017.09.12-19.32.58:827][  0]LogFileCache: Scanning file cache for directory 'D:/works/Videojocs/Roguelike/RoguelikeProj/Roguelike/Content/Collections/' took 0.01s
[2017.09.12-19.32.58:827][  0]LogCollectionManager: Rebuilt the GUID cache for 0 collections in 0.000003 seconds
[2017.09.12-19.32.58:843][  0]LogContentBrowser: Native class hierarchy populated in 0.0158 seconds. Added 2245 classes and 453 folders.
[2017.09.12-19.32.58:988][  0]LogContentBrowser: Native class hierarchy updated for 'WidgetCarousel' in 0.0008 seconds. Added 0 classes and 0 folders.
[2017.09.12-19.33.01:078][  0]LogContentBrowser: Native class hierarchy updated for 'AddContentDialog' in 0.0012 seconds. Added 0 classes and 0 folders.
[2017.09.12-19.33.01:293][  0]LogContentBrowser: Native class hierarchy updated for 'SceneOutliner' in 0.0008 seconds. Added 1 classes and 2 folders.
[2017.09.12-19.33.01:461][  0]LogCrashTracker: Crashtracker disabled due to settings.
[2017.09.12-19.33.01:471][  0]LogUObjectGlobals:Warning: Failed to find object 'Class None.'
[2017.09.12-19.33.01:579][  0]LogContentBrowser: Native class hierarchy updated for 'HierarchicalLODOutliner' in 0.0010 seconds. Added 1 classes and 2 folders.
[2017.09.12-19.33.01:580][  0]LogLoad: (Engine Initialization) Total time: 85.01 seconds
[2017.09.12-19.33.01:580][  0]LogLoad: (Engine Initialization) Total Blueprint compile time: 0.26 seconds
[2017.09.12-19.33.01:580][  0]LogExternalProfiler: Found external profiler: VSPerf
[2017.09.12-19.33.01:580][  0]LogExternalProfiler: Using external profiler: VSPerf
[2017.09.12-19.33.01:590][  0]LogOcInput: OculusInput pre-init called
[2017.09.12-19.33.01:622][  0]SourceControl: Info On branch master
[2017.09.12-19.33.01:622][  0]SourceControl: Info Your branch is up-to-date with 'origin/master'.
[2017.09.12-19.33.01:622][  0]SourceControl: Info Changes not staged for commit:
[2017.09.12-19.33.01:622][  0]SourceControl: Info   (use "git add <file>..." to update what will be committed)
[2017.09.12-19.33.01:622][  0]SourceControl: Info   (use "git checkout -- <file>..." to discard changes in working directory)
[2017.09.12-19.33.01:622][  0]SourceControl: Info 	modified:   Saved/Config/Windows/Editor.ini
[2017.09.12-19.33.01:622][  0]SourceControl: Info 	modified:   Saved/Config/Windows/Engine.ini
[2017.09.12-19.33.01:622][  0]SourceControl: Info 	modified:   Saved/Logs/RoguelikeProj.log
[2017.09.12-19.33.01:622][  0]SourceControl: Info no changes added to commit (use "git add" and/or "git commit -a")
[2017.09.12-19.33.01:623][  0]LogContentStreaming: Texture pool size now 1000 MB
[2017.09.12-19.33.01:645][  0]LogSlate: Took 0.000381 seconds to synchronously load lazily loaded font '../../../Engine/Content/Slate/Fonts/Roboto-Regular.ttf' (155K)
[2017.09.12-19.33.01:760][  0]LogSlate: Took 0.105263 seconds to synchronously load lazily loaded font '../../../Engine/Content/Editor/Slate/Fonts/FontAwesome.ttf' (139K)
[2017.09.12-19.33.01:761][  0]LogSlate: Took 0.000293 seconds to synchronously load lazily loaded font '../../../Engine/Content/Slate/Fonts/Roboto-Bold.ttf' (160K)
[2017.09.12-19.33.02:050][  0]LogRenderer: Reallocating scene render targets to support 884x724 NumSamples 1 (Frame:2).
[2017.09.12-19.33.02:168][  1]LogFileCache: Retrieving MD5 hashes for directory 'D:/works/Videojocs/Roguelike/RoguelikeProj/Roguelike/Content/' took 0.56s
[2017.09.12-19.33.05:589][315]LogAssetRegistry: Asset discovery search completed in 64.1347 seconds
[2017.09.12-19.33.05:589][315]LogCollectionManager: Rebuilt the object cache for 0 collections in 0.000015 seconds (found 0 objects)
[2017.09.12-19.33.05:589][315]LogCollectionManager: Fixed up redirectors for 0 collections in 0.000048 seconds (updated 0 objects)
[2017.09.12-19.33.31:332][152]LogSlate: Took 0.000311 seconds to synchronously load lazily loaded font '../../../Engine/Content/Slate/Fonts/Roboto-Light.ttf' (159K)
[2017.09.12-19.33.58:509][  9]LogSlate: Took 0.000238 seconds to synchronously load lazily loaded font '../../../Engine/Content/Slate/Fonts/Roboto-Light.ttf' (159K)
[2017.09.12-19.33.59:534][  9]LogStaticMesh: Building static mesh SM_GroundCover_Leafy03...
[2017.09.12-19.34.00:147][  9]LogStaticMesh: Built static mesh [0.68s] /Game/InfinityBladeGrassLands/Environments/Earth/StaticMesh/SM_GroundCover_Leafy03.SM_GroundCover_Leafy03
[2017.09.12-19.34.00:162][  9]LogTexture:Display: Building textures: T_GroundCover_Leaf01_N (BC5, 256X256) - 121 MB total VRAM
[2017.09.12-19.34.00:264][  9]LogStaticMesh: Building static mesh SM_LeavePiles_01...
[2017.09.12-19.34.00:265][  9]LogStaticMesh: Built static mesh [0.00s] /Game/InfinityBladeGrassLands/Environments/Earth/StaticMesh/SM_LeavePiles_01.SM_LeavePiles_01
[2017.09.12-19.34.00:593][  9]LogTexture:Display: Building textures: T_GroundCover_Leaf01_D (AutoDXT, 256X256) - 121 MB total VRAM
[2017.09.12-19.34.00:709][  9]LogMaterial: Missing cached shader map for material M_GroundCover_LEafy, compiling. 
[2017.09.12-19.34.00:737][  9]LogTemp:Display: Added material ShaderMap 0x000001A48544B200 with Material 0x000001A48C8FC280 to ShaderMapsBeingCompiled
[2017.09.12-19.34.00:922][  9]LogTemp:Display: Kicking off shader compilation for M_GroundCover_LEafy, GameThreadShaderMap 0x000001A48544B200
[2017.09.12-19.34.00:924][  9]LogTexture:Display: Building textures: HQ_Lightmap0_3 (AutoDXT, 64X64) - 121 MB total VRAM
[2017.09.12-19.34.01:427][  9]LogTexture:Display: Building textures: HQ_Lightmap1_1 (AutoDXT, 1024X1024) - 121 MB total VRAM
[2017.09.12-19.34.03:262][  9]LogTexture:Display: Building textures: HQ_Lightmap1_2 (AutoDXT, 512X512) - 121 MB total VRAM
[2017.09.12-19.34.03:480][  9]LogSlate: Took 0.000575 seconds to synchronously load lazily loaded font '../../../Engine/Content/Slate/Fonts/Roboto-Regular.ttf' (155K)
[2017.09.12-19.34.03:493][  9]LogTexture:Display: Building textures: LQ_Lightmap_0_3 (DXT1, 64X64) - 121 MB total VRAM
[2017.09.12-19.34.03:562][  9]LogTexture:Display: Building textures: LQ_Lightmap_1_1 (DXT1, 1024X1024) - 121 MB total VRAM
[2017.09.12-19.34.04:553][  9]LogTexture:Display: Building textures: LQ_Lightmap_1_2 (DXT1, 512X512) - 121 MB total VRAM
[2017.09.12-19.34.04:752][  9]LogTexture:Display: Building textures: ShadowMapTexture2D_6 (BGRA8, 1024X512) - 121 MB total VRAM
[2017.09.12-19.34.04:824][  9]LogTexture:Display: Building textures: ShadowMapTexture2D_7 (G8, 32X32) - 121 MB total VRAM
[2017.09.12-19.34.04:825][  9]LogStaticMesh: Building static mesh SM_GroundCover_Leafy01...
[2017.09.12-19.34.04:827][  9]LogStaticMesh: Built static mesh [0.00s] /Game/InfinityBladeGrassLands/Environments/Earth/StaticMesh/SM_GroundCover_Leafy01.SM_GroundCover_Leafy01
[2017.09.12-19.34.05:081][  9]LogTexture:Display: Building textures: T_Plains_Fern01_D (AutoDXT, 2048X2048) - 121 MB total VRAM
[2017.09.12-19.34.13:003][  9]LogTexture:Display: Building textures: T_Plains_Fern01_N (AutoDXT, 2048X2048) - 121 MB total VRAM
[2017.09.12-19.34.18:620][  9]LogMaterial: Missing cached shader map for material M_PLains_Fern01, compiling. 
[2017.09.12-19.34.18:629][  9]LogTemp:Display: Added material ShaderMap 0x000001A48F88EE80 with Material 0x000001A48CD31300 to ShaderMapsBeingCompiled
[2017.09.12-19.34.18:698][  9]LogTemp:Display: Kicking off shader compilation for M_PLains_Fern01, GameThreadShaderMap 0x000001A48F88EE80
[2017.09.12-19.34.18:707][  9]LogStaticMesh: Building static mesh SM_Plains_Fern02...
[2017.09.12-19.34.18:758][  9]LogStaticMesh: Built static mesh [0.06s] /Game/InfinityBladeGrassLands/Environments/Plains/Env_Plains_Flora/StaticMesh/SM_Plains_Fern02.SM_Plains_Fern02
[2017.09.12-19.34.18:946][  9]LogTexture:Display: Building textures: T_Plants_N (BC5, 2048X2048) - 121 MB total VRAM
[2017.09.12-19.34.20:124][  9]LogTexture:Display: Building textures: T_Plants_D (AutoDXT, 2048X2048) - 121 MB total VRAM
[2017.09.12-19.34.22:686][  9]LogMaterial: Missing cached shader map for material M_Exo_Generic_Plants, compiling. 
[2017.09.12-19.34.22:690][  9]LogTemp:Display: Added material ShaderMap 0x000001A493C4E080 with Material 0x000001A48C8C9300 to ShaderMapsBeingCompiled
[2017.09.12-19.34.22:759][  9]LogTemp:Display: Kicking off shader compilation for M_Exo_Generic_Plants, GameThreadShaderMap 0x000001A493C4E080
[2017.09.12-19.34.22:760][  9]LogStaticMesh: Building static mesh SM_SmallTree02...
[2017.09.12-19.34.22:779][  9]LogStaticMesh: Built static mesh [0.02s] /Game/InfinityBladeGrassLands/Environments/Earth/StaticMesh/SM_SmallTree02.SM_SmallTree02
[2017.09.12-19.34.22:840][  9]LogTexture:Display: Building textures: T_TreeBase1_N (BC5, 512X512) - 121 MB total VRAM
[2017.09.12-19.34.22:943][  9]LogTexture:Display: Building textures: T_TreeBase1_D (AutoDXT, 512X512) - 121 MB total VRAM
[2017.09.12-19.34.23:510][  9]LogMaterial: Missing cached shader map for material M_TreeBark, compiling. 
[2017.09.12-19.34.23:511][  9]LogTemp:Display: Added material ShaderMap 0x000001A493F3D980 with Material 0x000001A48C8DDD80 to ShaderMapsBeingCompiled
[2017.09.12-19.34.23:544][  9]LogTemp:Display: Kicking off shader compilation for M_TreeBark, GameThreadShaderMap 0x000001A493F3D980
[2017.09.12-19.34.24:623][  9]LogStaticMesh: Building static mesh SM_Plains_Vine02...
[2017.09.12-19.34.24:636][  9]LogStaticMesh: Built static mesh [0.02s] /Game/InfinityBladeGrassLands/Environments/Plains/Env_Plains_Flora/StaticMesh/SM_Plains_Vine02.SM_Plains_Vine02
[2017.09.12-19.34.24:637][  9]LogStaticMesh: Building static mesh SM_Plains_Vine01...
[2017.09.12-19.34.24:649][  9]LogStaticMesh: Built static mesh [0.01s] /Game/InfinityBladeGrassLands/Environments/Plains/Env_Plains_Flora/StaticMesh/SM_Plains_Vine01.SM_Plains_Vine01
[2017.09.12-19.34.24:664][  9]LogStaticMesh: Building static mesh SM_Plains_Tree_Stump01...
[2017.09.12-19.34.24:669][  9]LogStaticMesh: Built static mesh [0.01s] /Game/InfinityBladeGrassLands/Environments/Plains/Env_Plains_Flora/StaticMesh/SM_Plains_Tree_Stump01.SM_Plains_Tree_Stump01
[2017.09.12-19.34.24:729][  9]LogStaticMesh: Building static mesh SM_Plains_Tree_Branch02...
[2017.09.12-19.34.24:743][  9]LogStaticMesh: Built static mesh [0.04s] /Game/InfinityBladeGrassLands/Environments/Plains/Env_Plains_Flora/StaticMesh/SM_Plains_Tree_Branch02.SM_Plains_Tree_Branch02
[2017.09.12-19.34.24:744][  9]LogStaticMesh: Building static mesh SM_Plains_Tree_Branch01...
[2017.09.12-19.34.24:773][  9]LogStaticMesh: Built static mesh [0.03s] /Game/InfinityBladeGrassLands/Environments/Plains/Env_Plains_Flora/StaticMesh/SM_Plains_Tree_Branch01.SM_Plains_Tree_Branch01
[2017.09.12-19.34.25:018][  9]LogTexture:Display: Building textures: T_Plains_Tree01_N (BC5, 2048X2048) - 121 MB total VRAM
[2017.09.12-19.34.26:496][  9]LogTexture:Display: Building textures: T_Plains_Tree01_D (AutoDXT, 2048X2048) - 121 MB total VRAM
[2017.09.12-19.34.35:794][  9]LogMaterial: Missing cached shader map for material M_Plains_Tree_Stump01, compiling. 
[2017.09.12-19.34.35:796][  9]LogTemp:Display: Added material ShaderMap 0x000001A49441EE80 with Material 0x000001A48CD1CD00 to ShaderMapsBeingCompiled
[2017.09.12-19.34.35:855][  9]LogTemp:Display: Kicking off shader compilation for M_Plains_Tree_Stump01, GameThreadShaderMap 0x000001A49441EE80
[2017.09.12-19.34.35:885][  9]LogStaticMesh: Building static mesh SM_Plains_Tree01...
[2017.09.12-19.34.35:948][  9]LogStaticMesh: Built static mesh [0.09s] /Game/InfinityBladeGrassLands/Environments/Plains/Env_Plains_Flora/StaticMesh/SM_Plains_Tree01.SM_Plains_Tree01
[2017.09.12-19.34.36:006][  9]LogStaticMesh: Building static mesh SM_Plains_Grass01...
[2017.09.12-19.34.36:012][  9]LogStaticMesh: Built static mesh [0.03s] /Game/InfinityBladeGrassLands/Environments/Plains/Env_Plains_Flora/StaticMesh/SM_Plains_Grass01.SM_Plains_Grass01
[2017.09.12-19.34.36:041][  9]LogStaticMesh: Building static mesh SM_Plains_Fern03...
[2017.09.12-19.34.36:048][  9]LogStaticMesh: Built static mesh [0.01s] /Game/InfinityBladeGrassLands/Environments/Plains/Env_Plains_Flora/StaticMesh/SM_Plains_Fern03.SM_Plains_Fern03
[2017.09.12-19.34.36:048][  9]LogStaticMesh: Building static mesh SM_Rootcluster_A...
[2017.09.12-19.34.36:080][  9]LogStaticMesh: Built static mesh [0.03s] /Game/InfinityBladeGrassLands/Environments/Earth/StaticMesh/SM_Rootcluster_A.SM_Rootcluster_A
[2017.09.12-19.34.36:252][  9]LogTexture:Display: Building textures: T_BranchTrunk_D (AutoDXT, 2048X2048) - 121 MB total VRAM
[2017.09.12-19.34.41:401][  9]LogMaterial: Missing cached shader map for material M_LeavesPile, compiling. 
[2017.09.12-19.34.41:402][  9]LogTemp:Display: Added material ShaderMap 0x000001A49689FC80 with Material 0x000001A48C8F8E80 to ShaderMapsBeingCompiled
[2017.09.12-19.34.41:478][  9]LogTemp:Display: Kicking off shader compilation for M_LeavesPile, GameThreadShaderMap 0x000001A49689FC80
[2017.09.12-19.34.41:478][  9]LogStaticMesh: Building static mesh SM_LeavePiles_02...
[2017.09.12-19.34.41:479][  9]LogStaticMesh: Built static mesh [0.00s] /Game/InfinityBladeGrassLands/Environments/Earth/StaticMesh/SM_LeavePiles_02.SM_LeavePiles_02
[2017.09.12-19.34.41:700][  9]LogAIModule: Creating AISystem for world Nivel_3
[2017.09.12-19.34.41:904][  9]Cmd: MAP LOAD FILE="D:/works/Videojocs/Roguelike/RoguelikeProj/Roguelike/Content/Niveles/Nivel_3.umap" TEMPLATE=0 SHOWPROGRESS=1 FEATURELEVEL=3
[2017.09.12-19.34.41:904][  9]LightingResults: New page: Lighting Build
[2017.09.12-19.34.41:907][  9]LoadErrors: New page: Loading map: Nivel_3.umap
[2017.09.12-19.34.41:917][  9]MapCheck: New page: Map Check
[2017.09.12-19.34.41:917][  9]LightingResults: New page: Lighting Build
[2017.09.12-19.34.42:022][  9]LogTemp:Display: Finished compile of shader map 0x000001A48544B200
[2017.09.12-19.34.42:022][  9]LogTemp:Display: Shader map M_GroundCover_LEafy complete, GameThreadShaderMap 0x000001A48544B200, marking material M_GroundCover_LEafy as finished
[2017.09.12-19.34.42:022][  9]LogTemp:Display: Marking material as finished 0x000001A48C8FC280
[2017.09.12-19.34.42:045][  9]LogTemp:Display: Finished compile of shader map 0x000001A48F88EE80
[2017.09.12-19.34.42:045][  9]LogTemp:Display: Shader map M_PLains_Fern01 complete, GameThreadShaderMap 0x000001A48F88EE80, marking material M_PLains_Fern01 as finished
[2017.09.12-19.34.42:045][  9]LogTemp:Display: Marking material as finished 0x000001A48CD31300
[2017.09.12-19.34.42:216][  9]LogEditorServer: Finished looking for orphan Actors (0.000 secs)
[2017.09.12-19.34.42:268][  9]Cmd: MAP CHECKDEP NOCLEARLOG
[2017.09.12-19.34.42:384][  9]MapCheck: Info Map check complete: 0 Error(s), 0 Warning(s), took 115.844ms to complete.
[2017.09.12-19.34.42:385][  9]LogFileHelpers: Loading map 'Nivel_3' took 0.492
[2017.09.12-19.34.46:344][275]LogTemp:Display: Finished compile of shader map 0x000001A493C4E080
[2017.09.12-19.34.46:344][275]LogTemp:Display: Shader map M_Exo_Generic_Plants complete, GameThreadShaderMap 0x000001A493C4E080, marking material M_Exo_Generic_Plants as finished
[2017.09.12-19.34.46:344][275]LogTemp:Display: Marking material as finished 0x000001A48C8C9300
[2017.09.12-19.35.00:510][503]LogTemp:Display: Finished compile of shader map 0x000001A493F3D980
[2017.09.12-19.35.00:510][503]LogTemp:Display: Shader map M_TreeBark complete, GameThreadShaderMap 0x000001A493F3D980, marking material M_TreeBark as finished
[2017.09.12-19.35.00:510][503]LogTemp:Display: Marking material as finished 0x000001A48C8DDD80
[2017.09.12-19.35.12:067][517]LogTemp:Display: Finished compile of shader map 0x000001A49441EE80
[2017.09.12-19.35.12:067][517]LogTemp:Display: Shader map M_Plains_Tree_Stump01 complete, GameThreadShaderMap 0x000001A49441EE80, marking material M_Plains_Tree_Stump01 as finished
[2017.09.12-19.35.12:067][517]LogTemp:Display: Marking material as finished 0x000001A48CD1CD00
[2017.09.12-19.35.32:707][336]LogTemp:Display: Finished compile of shader map 0x000001A49689FC80
[2017.09.12-19.35.32:707][336]LogTemp:Display: Shader map M_LeavesPile complete, GameThreadShaderMap 0x000001A49689FC80, marking material M_LeavesPile as finished
[2017.09.12-19.35.32:707][336]LogTemp:Display: Marking material as finished 0x000001A48C8F8E80
[2017.09.12-19.40.14:048][919]LogTemp: Repeting last play command: Selected Viewport
[2017.09.12-19.40.14:074][919]LogPlayLevel: PlayLevel: No blueprints needed recompiling
[2017.09.12-19.40.14:100][919]PIE: New page: PIE session: Nivel_3 (Sep 12, 2017, 11:40:14 PM)
[2017.09.12-19.40.14:100][919]LogPlayLevel: Creating play world package: /Game/Niveles/UEDPIE_0_Nivel_3
[2017.09.12-19.40.14:117][919]LogPlayLevel: PIE: StaticDuplicateObject took: (0.016605s)
[2017.09.12-19.40.14:118][919]LogAIModule: Creating AISystem for world Nivel_3
[2017.09.12-19.40.14:119][919]LogPlayLevel: PIE: World Init took: (0.001713s)
[2017.09.12-19.40.14:119][919]LogPlayLevel: PIE: Created PIE world by copying editor world from /Game/Niveles/Nivel_3.Nivel_3 to /Game/Niveles/UEDPIE_0_Nivel_3.Nivel_3 (0.018829s)
[2017.09.12-19.40.14:156][919]LogInit: XAudio2 using 'Altavoces (Realtek High Definition Audio)' : 2 channels at 48 kHz using 32 bits per sample (channel mask 0x3)
[2017.09.12-19.40.14:173][919]LogInit: FAudioDevice initialized.
[2017.09.12-19.40.14:268][919]LogLoad: Game class is 'GameModeBase'
[2017.09.12-19.40.14:277][919]LogWorld: Bringing World /Game/Niveles/UEDPIE_0_Nivel_3.Nivel_3 up for play (max tick rate 0) at 2017.09.12-21.40.14
[2017.09.12-19.40.14:307][919]LogWorld: Bringing up level for play took: 0.037541
[2017.09.12-19.40.14:434][919]LogContentBrowser: Native class hierarchy updated for 'MovieSceneCapture' in 0.0008 seconds. Added 11 classes and 0 folders.
[2017.09.12-19.40.14:436][919]PIE: Info Play in editor start time for /Game/Niveles/UEDPIE_0_Nivel_3 1.162
[2017.09.12-19.41.04:486][299]LogEditorViewport: Clicking on Actor (LMB): StaticMeshActor (SM_Fire_Fort_Floor_3h)
[2017.09.12-19.41.14:893][ 44]Cmd: CLOSE_SLATE_MAINFRAME
[2017.09.12-19.41.15:006][ 44]LogWindowsTextInputMethodSystem:Display: IME system now deactivated.
[2017.09.12-19.41.15:425][ 45]Cmd: QUIT_EDITOR
[2017.09.12-19.41.15:980][ 45]LogExit: Preparing to exit.
[2017.09.12-19.41.17:139][ 45]LogExit: Editor shut down
[2017.09.12-19.41.17:139][ 45]LogExit: Transaction tracking system shut down
[2017.09.12-19.41.17:268][ 45]LogObj: Freed 0b from 0 cluster array pools.
[2017.09.12-19.41.17:268][ 45]LogExit: Object subsystem successfully closed.
[2017.09.12-19.41.17:292][ 45]LogD3D11RHI: Shutdown
[2017.09.12-19.41.17:292][ 45]LogD3D11RHI: CleanupD3DDevice
[2017.09.12-19.41.17:416][ 45]LogD3D11RHI: ~FD3D11DynamicRHI
[2017.09.12-19.41.17:442][ 45]LogModuleManager: Shutting down and abandoning module MovieSceneCapture (500)
[2017.09.12-19.41.17:442][ 45]LogModuleManager: Shutting down and abandoning module HierarchicalLODOutliner (498)
[2017.09.12-19.41.17:442][ 45]LogModuleManager: Shutting down and abandoning module CrashTracker (496)
[2017.09.12-19.41.17:442][ 45]LogModuleManager: Shutting down and abandoning module SceneOutliner (494)
[2017.09.12-19.41.17:442][ 45]LogModuleManager: Shutting down and abandoning module AddContentDialog (492)
[2017.09.12-19.41.17:442][ 45]LogDirectoryWatcher: A directory notification for 'C:/Program Files/Epic Games/UE_4.15/FeaturePacks/' was aborted.
[2017.09.12-19.41.17:444][ 45]LogModuleManager: Shutting down and abandoning module WidgetCarousel (491)
[2017.09.12-19.41.17:444][ 45]LogModuleManager: Shutting down and abandoning module EditorWidgets (488)
[2017.09.12-19.41.17:444][ 45]LogModuleManager: Shutting down and abandoning module CollectionManager (486)
[2017.09.12-19.41.17:444][ 45]LogDirectoryWatcher: A directory notification for 'D:/works/Videojocs/Roguelike/RoguelikeProj/Roguelike/Content/Collections/' was aborted.
[2017.09.12-19.41.17:444][ 45]LogDirectoryWatcher: A directory notification for 'D:/works/Videojocs/Roguelike/RoguelikeProj/Roguelike/Content/Developers/Aleix/Collections/' was aborted.
[2017.09.12-19.41.17:444][ 45]LogDirectoryWatcher: A directory notification for 'D:/works/Videojocs/Roguelike/RoguelikeProj/Roguelike/Saved/Collections/' was aborted.
[2017.09.12-19.41.17:444][ 45]LogModuleManager: Shutting down and abandoning module StatsViewer (484)
[2017.09.12-19.41.17:444][ 45]LogModuleManager: Shutting down and abandoning module FoliageEdit (482)
[2017.09.12-19.41.17:444][ 45]LogModuleManager: Shutting down and abandoning module LandscapeEditor (480)
[2017.09.12-19.41.17:444][ 45]LogModuleManager: Shutting down and abandoning module SceneDepthPickerMode (478)
[2017.09.12-19.41.17:444][ 45]LogModuleManager: Shutting down and abandoning module ActorPickerMode (476)
[2017.09.12-19.41.17:444][ 45]LogModuleManager: Shutting down and abandoning module GeometryMode (474)
[2017.09.12-19.41.17:444][ 45]LogModuleManager: Shutting down and abandoning module TextureAlignMode (472)
[2017.09.12-19.41.17:444][ 45]LogModuleManager: Shutting down and abandoning module BspMode (470)
[2017.09.12-19.41.17:444][ 45]LogModuleManager: Shutting down and abandoning module HardwareSurvey (468)
[2017.09.12-19.41.17:444][ 45]LogModuleManager: Shutting down and abandoning module SequenceRecorderSections (466)
[2017.09.12-19.41.17:444][ 45]LogModuleManager: Shutting down and abandoning module AutomationWorker (464)
[2017.09.12-19.41.17:444][ 45]LogModuleManager: Shutting down and abandoning module MatineeToLevelSequence (462)
[2017.09.12-19.41.17:444][ 45]LogModuleManager: Shutting down and abandoning module LevelSequenceEditor (460)
[2017.09.12-19.41.17:445][ 45]LogModuleManager: Shutting down and abandoning module PlacementMode (459)
[2017.09.12-19.41.17:445][ 45]LogModuleManager: Shutting down and abandoning module WmfMediaFactory (456)
[2017.09.12-19.41.17:445][ 45]LogModuleManager: Shutting down and abandoning module WmfMediaEditor (454)
[2017.09.12-19.41.17:445][ 45]LogModuleManager: Shutting down and abandoning module MfMediaFactory (452)
[2017.09.12-19.41.17:445][ 45]LogModuleManager: Shutting down and abandoning module MfMediaEditor (450)
[2017.09.12-19.41.17:445][ 45]LogModuleManager: Shutting down and abandoning module AvfMediaFactory (448)
[2017.09.12-19.41.17:445][ 45]LogModuleManager: Shutting down and abandoning module AvfMediaEditor (446)
[2017.09.12-19.41.17:445][ 45]LogModuleManager: Shutting down and abandoning module AndroidMediaFactory (444)
[2017.09.12-19.41.17:445][ 45]LogModuleManager: Shutting down and abandoning module Media (443)
[2017.09.12-19.41.17:445][ 45]LogModuleManager: Shutting down and abandoning module AndroidMediaEditor (440)
[2017.09.12-19.41.17:445][ 45]LogModuleManager: Shutting down and abandoning module CharacterAI (438)
[2017.09.12-19.41.17:445][ 45]LogModuleManager: Shutting down and abandoning module AudioCapture (436)
[2017.09.12-19.41.17:445][ 45]LogModuleManager: Shutting down and abandoning module SequenceRecorder (435)
[2017.09.12-19.41.17:445][ 45]LogModuleManager: Shutting down and abandoning module SmartSnapping (432)
[2017.09.12-19.41.17:445][ 45]LogModuleManager: Shutting down and abandoning module SessionServices (430)
[2017.09.12-19.41.17:445][ 45]LogModuleManager: Shutting down and abandoning module ViewportSnapping (428)
[2017.09.12-19.41.17:445][ 45]LogModuleManager: Shutting down and abandoning module ViewportInteraction (426)
[2017.09.12-19.41.17:445][ 45]LogModuleManager: Shutting down and abandoning module LogVisualizer (424)
[2017.09.12-19.41.17:445][ 45]LogModuleManager: Shutting down and abandoning module IntroTutorials (422)
[2017.09.12-19.41.17:445][ 45]LogModuleManager: Shutting down and abandoning module GameProjectGeneration (421)
[2017.09.12-19.41.17:445][ 45]LogModuleManager: Shutting down and abandoning module EditorLiveStreaming (418)
[2017.09.12-19.41.17:445][ 45]LogModuleManager: Shutting down and abandoning module IOSPlatformEditor (416)
[2017.09.12-19.41.17:445][ 45]LogModuleManager: Shutting down and abandoning module HTML5PlatformEditor (414)
[2017.09.12-19.41.17:445][ 45]LogModuleManager: Shutting down and abandoning module AndroidPlatformEditor (412)
[2017.09.12-19.41.17:445][ 45]LogModuleManager: Shutting down and abandoning module AndroidDeviceDetection (411)
[2017.09.12-19.41.18:122][ 45]LogModuleManager: Shutting down and abandoning module IOSRuntimeSettings (408)
[2017.09.12-19.41.18:122][ 45]LogModuleManager: Shutting down and abandoning module AndroidRuntimeSettings (406)
[2017.09.12-19.41.18:122][ 45]LogModuleManager: Shutting down and abandoning module InputBindingEditor (404)
[2017.09.12-19.41.18:122][ 45]LogModuleManager: Shutting down and abandoning module NiagaraEditor (402)
[2017.09.12-19.41.18:122][ 45]LogModuleManager: Shutting down and abandoning module MergeActors (400)
[2017.09.12-19.41.18:122][ 45]LogModuleManager: Shutting down and abandoning module SizeMap (398)
[2017.09.12-19.41.18:122][ 45]LogModuleManager: Shutting down and abandoning module TreeMap (396)
[2017.09.12-19.41.18:122][ 45]LogModuleManager: Shutting down and abandoning module ReferenceViewer (394)
[2017.09.12-19.41.18:122][ 45]LogModuleManager: Shutting down and abandoning module LocalizationDashboard (392)
[2017.09.12-19.41.18:122][ 45]LogModuleManager: Shutting down and abandoning module LocalizationService (391)
[2017.09.12-19.41.18:122][ 45]LogModuleManager: Shutting down and abandoning module HardwareTargeting (388)
[2017.09.12-19.41.18:122][ 45]LogModuleManager: Shutting down and abandoning module DeviceProfileEditor (386)
[2017.09.12-19.41.18:122][ 45]LogModuleManager: Shutting down and abandoning module UndoHistory (384)
[2017.09.12-19.41.18:122][ 45]LogModuleManager: Shutting down and abandoning module UserFeedback (382)
[2017.09.12-19.41.18:123][ 45]LogModuleManager: Shutting down and abandoning module XmlParser (380)
[2017.09.12-19.41.18:123][ 45]LogModuleManager: Shutting down and abandoning module Blutility (378)
[2017.09.12-19.41.18:123][ 45]LogModuleManager: Shutting down and abandoning module ProjectSettingsViewer (376)
[2017.09.12-19.41.18:123][ 45]LogModuleManager: Shutting down and abandoning module ProjectTargetPlatformEditor (375)
[2017.09.12-19.41.18:123][ 45]LogModuleManager: Shutting down and abandoning module EditorSettingsViewer (372)
[2017.09.12-19.41.18:123][ 45]LogModuleManager: Shutting down and abandoning module SettingsEditor (370)
[2017.09.12-19.41.18:123][ 45]LogModuleManager: Shutting down and abandoning module ProjectLauncher (368)
[2017.09.12-19.41.18:123][ 45]LogModuleManager: Shutting down and abandoning module SessionFrontend (366)
[2017.09.12-19.41.18:123][ 45]LogModuleManager: Shutting down and abandoning module ProfilerClient (364)
[2017.09.12-19.41.18:123][ 45]LogModuleManager: Shutting down and abandoning module DeviceManager (362)
[2017.09.12-19.41.18:123][ 45]LogModuleManager: Shutting down and abandoning module TargetDeviceServices (361)
[2017.09.12-19.41.18:168][ 45]LogModuleManager: Shutting down and abandoning module AutomationController (358)
[2017.09.12-19.41.18:168][ 45]LogModuleManager: Shutting down and abandoning module AutomationWindow (356)
[2017.09.12-19.41.18:168][ 45]LogModuleManager: Shutting down and abandoning module Layers (354)
[2017.09.12-19.41.18:168][ 45]LogModuleManager: Shutting down and abandoning module ComponentVisualizers (352)
[2017.09.12-19.41.18:168][ 45]LogModuleManager: Shutting down and abandoning module DetailCustomizations (350)
[2017.09.12-19.41.18:168][ 45]LogModuleManager: Shutting down and abandoning module PackagesDialog (348)
[2017.09.12-19.41.18:168][ 45]LogModuleManager: Shutting down and abandoning module Persona (346)
[2017.09.12-19.41.18:168][ 45]LogModuleManager: Shutting down and abandoning module AnimGraph (345)
[2017.09.12-19.41.18:168][ 45]LogModuleManager: Shutting down and abandoning module Kismet (342)
[2017.09.12-19.41.18:170][ 45]LogModuleManager: Shutting down and abandoning module GraphEditor (340)
[2017.09.12-19.41.18:170][ 45]LogModuleManager: Shutting down and abandoning module ClassViewer (338)
[2017.09.12-19.41.18:170][ 45]LogModuleManager: Shutting down and abandoning module Toolbox (336)
[2017.09.12-19.41.18:170][ 45]LogModuleManager: Shutting down and abandoning module ModuleUI (334)
[2017.09.12-19.41.18:170][ 45]LogModuleManager: Shutting down and abandoning module MovieSceneTools (332)
[2017.09.12-19.41.18:171][ 45]LogModuleManager: Shutting down and abandoning module OutputLog (330)
[2017.09.12-19.41.18:171][ 45]LogModuleManager: Shutting down and abandoning module GammaUI (328)
[2017.09.12-19.41.18:171][ 45]LogModuleManager: Shutting down and abandoning module Documentation (326)
[2017.09.12-19.41.18:171][ 45]LogModuleManager: Shutting down and abandoning module Niagara (324)
[2017.09.12-19.41.18:171][ 45]LogModuleManager: Shutting down and abandoning module StreamingPauseRendering (322)
[2017.09.12-19.41.18:171][ 45]LogModuleManager: Shutting down and abandoning module AnalyticsET (320)
[2017.09.12-19.41.18:171][ 45]LogModuleManager: Shutting down and abandoning module PortalServices (318)
[2017.09.12-19.41.18:171][ 45]LogModuleManager: Shutting down and abandoning module PortalRpc (316)
[2017.09.12-19.41.18:171][ 45]LogModuleManager: Shutting down and abandoning module MessagingRpc (314)
[2017.09.12-19.41.18:171][ 45]LogModuleManager: Shutting down and abandoning module AIModule (312)
[2017.09.12-19.41.18:171][ 45]LogModuleManager: Shutting down and abandoning module GameplayDebugger (311)
[2017.09.12-19.41.18:171][ 45]LogModuleManager: Shutting down and abandoning module AITestSuite (309)
[2017.09.12-19.41.18:171][ 45]LogModuleManager: Shutting down and abandoning module ProfilerService (306)
[2017.09.12-19.41.18:365][ 45]LogModuleManager: Shutting down and abandoning module TaskGraph (304)
[2017.09.12-19.41.18:365][ 45]LogModuleManager: Shutting down and abandoning module SteamVRController (302)
[2017.09.12-19.41.18:365][ 45]LogModuleManager: Shutting down and abandoning module SteamVR (300)
[2017.09.12-19.41.18:365][ 45]LogModuleManager: Shutting down and abandoning module ProceduralMeshComponentEditor (298)
[2017.09.12-19.41.18:365][ 45]LogModuleManager: Shutting down and abandoning module ProceduralMeshComponent (296)
[2017.09.12-19.41.18:365][ 45]LogModuleManager: Shutting down and abandoning module OculusLibrary (294)
[2017.09.12-19.41.18:365][ 45]LogModuleManager: Shutting down and abandoning module OculusInput (292)
[2017.09.12-19.41.18:365][ 45]LogModuleManager: Shutting down and abandoning module MobilePatchingUtils (290)
[2017.09.12-19.41.18:365][ 45]LogModuleManager: Shutting down and abandoning module CustomMeshComponent (288)
[2017.09.12-19.41.18:365][ 45]LogModuleManager: Shutting down and abandoning module CableComponent (286)
[2017.09.12-19.41.18:365][ 45]LogModuleManager: Shutting down and abandoning module ArchVisCharacter (284)
[2017.09.12-19.41.18:365][ 45]LogModuleManager: Shutting down and abandoning module MediaPlayerEditor (280)
[2017.09.12-19.41.18:366][ 45]LogModuleManager: Shutting down and abandoning module HTML5Networking (278)
[2017.09.12-19.41.18:366][ 45]LogModuleManager: Shutting down and abandoning module AlembicImporter (276)
[2017.09.12-19.41.18:366][ 45]LogModuleManager: Shutting down and abandoning module AlembicLibrary (275)
[2017.09.12-19.41.18:366][ 45]LogModuleManager: Shutting down and abandoning module GeometryCache (274)
[2017.09.12-19.41.18:366][ 45]LogModuleManager: Shutting down and abandoning module GeometryCacheEd (273)
[2017.09.12-19.41.18:366][ 45]LogModuleManager: Shutting down and abandoning module SuperSearchEditor (268)
[2017.09.12-19.41.18:366][ 45]LogModuleManager: Shutting down and abandoning module SuperSearch (267)
[2017.09.12-19.41.18:366][ 45]LogModuleManager: Shutting down and abandoning module SpeedTreeImporter (264)
[2017.09.12-19.41.18:366][ 45]LogModuleManager: Shutting down and abandoning module PluginBrowser (262)
[2017.09.12-19.41.18:366][ 45]LogModuleManager: Shutting down and abandoning module MobileLauncherProfileWizard (260)
[2017.09.12-19.41.18:366][ 45]LogModuleManager: Shutting down and abandoning module EpicSurvey (258)
[2017.09.12-19.41.18:366][ 45]LogModuleManager: Shutting down and abandoning module VisualStudioSourceCodeAccess (256)
[2017.09.12-19.41.18:366][ 45]LogModuleManager: Shutting down and abandoning module DesktopPlatform (255)
[2017.09.12-19.41.18:366][ 45]LogModuleManager: Shutting down and abandoning module UObjectPlugin (252)
[2017.09.12-19.41.18:366][ 45]LogModuleManager: Shutting down and abandoning module SubversionSourceControl (250)
[2017.09.12-19.41.18:366][ 45]LogModuleManager: Shutting down and abandoning module PerforceSourceControl (248)
[2017.09.12-19.41.18:366][ 45]LogModuleManager: Shutting down and abandoning module GitSourceControl (246)
[2017.09.12-19.41.18:366][ 45]LogModuleManager: Shutting down and abandoning module SourceControl (245)
[2017.09.12-19.41.18:366][ 45]LogModuleManager: Shutting down and abandoning module LightPropagationVolumeEditor (242)
[2017.09.12-19.41.18:366][ 45]LogModuleManager: Shutting down and abandoning module PaperTiledImporter (240)
[2017.09.12-19.41.18:366][ 45]LogModuleManager: Shutting down and abandoning module PaperSpriteSheetImporter (238)
[2017.09.12-19.41.18:366][ 45]LogModuleManager: Shutting down and abandoning module Paper2DEditor (236)
[2017.09.12-19.41.18:366][ 45]LogModuleManager: Shutting down and abandoning module MeshPaint (235)
[2017.09.12-19.41.18:366][ 45]LogModuleManager: Shutting down and abandoning module LevelEditor (233)
[2017.09.12-19.41.18:367][ 45]LogModuleManager: Shutting down and abandoning module PixelInspectorModule (232)
[2017.09.12-19.41.18:367][ 45]LogModuleManager: Shutting down and abandoning module MainFrame (230)
[2017.09.12-19.41.18:367][ 45]LogModuleManager: Shutting down and abandoning module HotReload (229)
[2017.09.12-19.41.18:371][ 45]LogModuleManager: Shutting down and abandoning module ContentBrowser (225)
[2017.09.12-19.41.18:373][ 45]LogModuleManager: Shutting down and abandoning module PhysXVehiclesEditor (222)
[2017.09.12-19.41.18:373][ 45]LogModuleManager: Shutting down and abandoning module PhysXVehicles (220)
[2017.09.12-19.41.18:373][ 45]LogModuleManager: Shutting down and abandoning module LocationServicesBPLibrary (218)
[2017.09.12-19.41.18:373][ 45]LogModuleManager: Shutting down and abandoning module UdpMessaging (216)
[2017.09.12-19.41.18:474][ 45]LogModuleManager: Shutting down and abandoning module TcpMessaging (214)
[2017.09.12-19.41.18:575][ 45]LogModuleManager: Shutting down and abandoning module GameplayTagsEditor (212)
[2017.09.12-19.41.18:575][ 45]LogModuleManager: Shutting down and abandoning module FacialAnimationEditor (210)
[2017.09.12-19.41.18:575][ 45]LogModuleManager: Shutting down and abandoning module FacialAnimation (208)
[2017.09.12-19.41.18:575][ 45]LogModuleManager: Shutting down and abandoning module LightPropagationVolumeRuntime (206)
[2017.09.12-19.41.18:575][ 45]LogModuleManager: Shutting down and abandoning module Paper2D (204)
[2017.09.12-19.41.18:575][ 45]LogModuleManager: Shutting down and abandoning module WindowsMoviePlayer (202)
[2017.09.12-19.41.18:575][ 45]LogModuleManager: Shutting down and abandoning module WmfMedia (200)
[2017.09.12-19.41.18:575][ 45]LogModuleManager: Shutting down and abandoning module MfMedia (198)
[2017.09.12-19.41.18:575][ 45]LogModuleManager: Shutting down and abandoning module MediaAssets (196)
[2017.09.12-19.41.18:575][ 45]LogModuleManager: Shutting down and abandoning module GameLiveStreaming (194)
[2017.09.12-19.41.18:575][ 45]LogModuleManager: Shutting down and abandoning module VREditor (192)
[2017.09.12-19.41.18:575][ 45]LogModuleManager: Shutting down and abandoning module GameplayTasksEditor (190)
[2017.09.12-19.41.18:575][ 45]LogModuleManager: Shutting down and abandoning module BehaviorTreeEditor (188)
[2017.09.12-19.41.18:575][ 45]LogModuleManager: Shutting down and abandoning module FunctionalTesting (186)
[2017.09.12-19.41.18:575][ 45]LogModuleManager: Shutting down and abandoning module CollisionAnalyzer (184)
[2017.09.12-19.41.18:575][ 45]LogModuleManager: Shutting down and abandoning module UMG (182)
[2017.09.12-19.41.18:575][ 45]LogModuleManager: Shutting down and abandoning module UMGEditor (181)
[2017.09.12-19.41.18:575][ 45]LogModuleManager: Shutting down and abandoning module Sequencer (180)
[2017.09.12-19.41.18:575][ 45]LogModuleManager: Shutting down and abandoning module AssetTools (178)
[2017.09.12-19.41.18:576][ 45]LogModuleManager: Shutting down and abandoning module MessageLog (177)
[2017.09.12-19.41.18:576][ 45]LogModuleManager: Shutting down and abandoning module WorkspaceMenuStructure (176)
[2017.09.12-19.41.18:576][ 45]LogModuleManager: Shutting down and abandoning module SlateReflector (170)
[2017.09.12-19.41.18:576][ 45]LogModuleManager: Shutting down and abandoning module Slate (168)
[2017.09.12-19.41.18:576][ 45]LogModuleManager: Shutting down and abandoning module EditorStyle (166)
[2017.09.12-19.41.18:579][ 45]LogModuleManager: Shutting down and abandoning module SourceCodeAccess (164)
[2017.09.12-19.41.18:579][ 45]LogModuleManager: Shutting down and abandoning module HeadMountedDisplay (162)
[2017.09.12-19.41.18:579][ 45]LogModuleManager: Shutting down and abandoning module XAudio2 (160)
[2017.09.12-19.41.18:579][ 45]LogModuleManager: Shutting down and abandoning module Networking (158)
[2017.09.12-19.41.18:579][ 45]LogModuleManager: Shutting down and abandoning module Core (154)
[2017.09.12-19.41.18:579][ 45]LogModuleManager: Shutting down and abandoning module AssetRegistry (152)
[2017.09.12-19.41.18:750][ 45]LogDirectoryWatcher: A directory notification for '../../../Engine/Content/' was aborted.
[2017.09.12-19.41.18:750][ 45]LogDirectoryWatcher: A directory notification for 'D:/works/Videojocs/Roguelike/RoguelikeProj/Roguelike/Content/' was aborted.
[2017.09.12-19.41.18:750][ 45]LogDirectoryWatcher: A directory notification for '../../../Engine/Plugins/2D/Paper2D/Content/' was aborted.
[2017.09.12-19.41.18:750][ 45]LogModuleManager: Shutting down and abandoning module DirectoryWatcher (151)
[2017.09.12-19.41.18:752][ 45]LogModuleManager: Shutting down and abandoning module KismetCompiler (148)
[2017.09.12-19.41.18:752][ 45]LogModuleManager: Shutting down and abandoning module PhysXFormats (146)
[2017.09.12-19.41.18:752][ 45]LogModuleManager: Shutting down and abandoning module MeshUtilities (144)
[2017.09.12-19.41.18:752][ 45]LogModuleManager: Shutting down and abandoning module SimplygonSwarm (143)
[2017.09.12-19.41.18:752][ 45]LogModuleManager: Shutting down and abandoning module SimplygonMeshReduction (141)
[2017.09.12-19.41.18:752][ 45]LogModuleManager: Shutting down and abandoning module QuadricMeshReduction (139)
[2017.09.12-19.41.18:752][ 45]LogModuleManager: Shutting down and abandoning module PropertyEditor (137)
[2017.09.12-19.41.18:752][ 45]LogModuleManager: Shutting down and abandoning module DerivedDataCache (134)
[2017.09.12-19.41.18:774][ 45]LogDerivedDataCache: Shutdown
[2017.09.12-19.41.18:774][ 45]LogModuleManager: Shutting down and abandoning module TargetPlatform (132)
[2017.09.12-19.41.18:774][ 45]LogModuleManager: Shutting down and abandoning module VulkanShaderFormat (131)
[2017.09.12-19.41.18:774][ 45]LogModuleManager: Shutting down and abandoning module ShaderFormatOpenGL (129)
[2017.09.12-19.41.18:774][ 45]LogModuleManager: Shutting down and abandoning module ShaderFormatD3D (127)
[2017.09.12-19.41.18:774][ 45]LogModuleManager: Shutting down and abandoning module MetalShaderFormat (125)
[2017.09.12-19.41.18:774][ 45]LogModuleManager: Shutting down and abandoning module TextureFormatUncompressed (123)
[2017.09.12-19.41.18:774][ 45]LogModuleManager: Shutting down and abandoning module TextureFormatPVR (121)
[2017.09.12-19.41.18:774][ 45]LogModuleManager: Shutting down and abandoning module TextureFormatDXT (119)
[2017.09.12-19.41.18:774][ 45]LogModuleManager: Shutting down and abandoning module TextureFormatIntelISPCTexComp (117)
[2017.09.12-19.41.18:775][ 45]LogModuleManager: Shutting down and abandoning module TextureFormatASTC (115)
[2017.09.12-19.41.18:775][ 45]LogModuleManager: Shutting down and abandoning module ImageWrapper (114)
[2017.09.12-19.41.18:775][ 45]LogModuleManager: Shutting down and abandoning module TextureFormatAndroid (111)
[2017.09.12-19.41.18:775][ 45]LogModuleManager: Shutting down and abandoning module AudioFormatOpus (109)
[2017.09.12-19.41.18:775][ 45]LogModuleManager: Shutting down and abandoning module AudioFormatOgg (107)
[2017.09.12-19.41.18:775][ 45]LogModuleManager: Shutting down and abandoning module AudioFormatADPCM (105)
[2017.09.12-19.41.18:775][ 45]LogModuleManager: Shutting down and abandoning module LinuxTargetPlatform (103)
[2017.09.12-19.41.18:775][ 45]LogModuleManager: Shutting down and abandoning module LinuxServerTargetPlatform (101)
[2017.09.12-19.41.18:775][ 45]LogModuleManager: Shutting down and abandoning module LinuxNoEditorTargetPlatform (99)
[2017.09.12-19.41.18:775][ 45]LogModuleManager: Shutting down and abandoning module LinuxClientTargetPlatform (97)
[2017.09.12-19.41.18:775][ 45]LogModuleManager: Shutting down and abandoning module TVOSTargetPlatform (95)
[2017.09.12-19.41.18:775][ 45]LogModuleManager: Shutting down and abandoning module Messaging (93)
[2017.09.12-19.41.18:775][ 45]LogModuleManager: Shutting down and abandoning module IOSTargetPlatform (91)
[2017.09.12-19.41.18:775][ 45]LogModuleManager: Shutting down and abandoning module HTML5TargetPlatform (89)
[2017.09.12-19.41.18:775][ 45]LogModuleManager: Shutting down and abandoning module Android_PVRTCTargetPlatform (87)
[2017.09.12-19.41.18:775][ 45]LogModuleManager: Shutting down and abandoning module Android_MultiTargetPlatform (85)
[2017.09.12-19.41.18:775][ 45]LogModuleManager: Shutting down and abandoning module Android_ETC2TargetPlatform (83)
[2017.09.12-19.41.18:775][ 45]LogModuleManager: Shutting down and abandoning module Android_ETC1TargetPlatform (81)
[2017.09.12-19.41.18:775][ 45]LogModuleManager: Shutting down and abandoning module Android_DXTTargetPlatform (79)
[2017.09.12-19.41.18:775][ 45]LogModuleManager: Shutting down and abandoning module Android_ATCTargetPlatform (77)
[2017.09.12-19.41.18:775][ 45]LogModuleManager: Shutting down and abandoning module Android_ASTCTargetPlatform (75)
[2017.09.12-19.41.18:775][ 45]LogModuleManager: Shutting down and abandoning module AndroidTargetPlatform (73)
[2017.09.12-19.41.18:775][ 45]LogModuleManager: Shutting down and abandoning module WindowsTargetPlatform (71)
[2017.09.12-19.41.18:775][ 45]LogModuleManager: Shutting down and abandoning module WindowsServerTargetPlatform (69)
[2017.09.12-19.41.18:775][ 45]LogModuleManager: Shutting down and abandoning module WindowsNoEditorTargetPlatform (67)
[2017.09.12-19.41.18:775][ 45]LogModuleManager: Shutting down and abandoning module WindowsClientTargetPlatform (65)
[2017.09.12-19.41.18:775][ 45]LogModuleManager: Shutting down and abandoning module MacTargetPlatform (63)
[2017.09.12-19.41.18:775][ 45]LogModuleManager: Shutting down and abandoning module MacServerTargetPlatform (61)
[2017.09.12-19.41.18:775][ 45]LogModuleManager: Shutting down and abandoning module MacNoEditorTargetPlatform (59)
[2017.09.12-19.41.18:775][ 45]LogModuleManager: Shutting down and abandoning module MacClientTargetPlatform (57)
[2017.09.12-19.41.18:775][ 45]LogModuleManager: Shutting down and abandoning module AllDesktopTargetPlatform (55)
[2017.09.12-19.41.18:775][ 45]LogModuleManager: Shutting down and abandoning module InputCore (52)
[2017.09.12-19.41.18:775][ 45]LogModuleManager: Shutting down and abandoning module Settings (50)
[2017.09.12-19.41.18:775][ 45]LogModuleManager: Shutting down and abandoning module OculusRift (48)
[2017.09.12-19.41.18:775][ 45]LogModuleManager: Shutting down and abandoning module GearVR (46)
[2017.09.12-19.41.18:775][ 45]LogModuleManager: Shutting down and abandoning module ExampleDeviceProfileSelector (44)
[2017.09.12-19.41.18:775][ 45]LogModuleManager: Shutting down and abandoning module OnlineBlueprintSupport (42)
[2017.09.12-19.41.18:775][ 45]LogModuleManager: Shutting down and abandoning module OnlineSubsystem (38)
[2017.09.12-19.41.18:775][ 45]LogOnline:Display: Unloading online subsystem: NULL
[2017.09.12-19.41.18:775][ 45]LogModuleManager: Shutting down and abandoning module XMPP (37)
[2017.09.12-19.41.18:775][ 45]LogModuleManager: Shutting down and abandoning module HTTP (35)
[2017.09.12-19.41.18:775][ 45]LogHttp:Display: Http module shutting down, but needs to wait on 1 outstanding Http requests:
[2017.09.12-19.41.18:775][ 45]LogHttp:Display: 	verb=[POST] url=[https://datarouter.ol.epicgames.com/datarouter/api/v1/public/data?SessionID=%7B713F137C-42B1-2FB3-314D-A491D1200C0A%7D&AppID=UEEditor.Rocket.Release&AppVersion=4.15.3-3450819%2B%2B%2BUE4%2BRelease-4.15&UserID=47d95e514e3e76a32503b7bab981012f%7Cadf31ff77c554018908255c7ee3b5d14%7C8106f2d2-0ada-48f6-a7dd-b77560f20dda&AppEnvironment=datacollector-binary&UploadType=eteventstream] status=Processing
[2017.09.12-19.41.18:793][ 45]LogModuleManager: Shutting down and abandoning module SSL (34)
[2017.09.12-19.41.18:795][ 45]LogModuleManager: Shutting down and abandoning module AudioEditor (30)
[2017.09.12-19.41.18:795][ 45]LogModuleManager: Shutting down and abandoning module TextureCompressor (28)
[2017.09.12-19.41.18:795][ 45]LogModuleManager: Shutting down and abandoning module ShaderCore (26)
[2017.09.12-19.41.18:795][ 45]LogModuleManager: Shutting down and abandoning module Landscape (24)
[2017.09.12-19.41.18:795][ 45]LogModuleManager: Shutting down and abandoning module SlateRHIRenderer (22)
[2017.09.12-19.41.18:797][ 45]LogModuleManager: Shutting down and abandoning module OpenGLDrv (20)
[2017.09.12-19.41.18:797][ 45]LogModuleManager: Shutting down and abandoning module D3D11RHI (18)
[2017.09.12-19.41.18:797][ 45]LogModuleManager: Shutting down and abandoning module AnimGraphRuntime (16)
[2017.09.12-19.41.18:797][ 45]LogModuleManager: Shutting down and abandoning module Renderer (14)
[2017.09.12-19.41.18:797][ 45]LogModuleManager: Shutting down and abandoning module Engine (12)
[2017.09.12-19.41.18:797][ 45]LogModuleManager: Shutting down and abandoning module CoreUObject (10)
[2017.09.12-19.41.18:797][ 45]LogModuleManager: Shutting down and abandoning module NetworkFile (8)
[2017.09.12-19.41.18:797][ 45]LogModuleManager: Shutting down and abandoning module StreamingFile (6)
[2017.09.12-19.41.18:797][ 45]LogModuleManager: Shutting down and abandoning module SandboxFile (4)
[2017.09.12-19.41.18:797][ 45]LogModuleManager: Shutting down and abandoning module PakFile (2)
[2017.09.12-19.41.18:799][ 45]LogExit: Exiting.
[2017.09.12-19.41.18:815][ 45]Log file closed, 09/12/17 21:41:18
